mode: set
github.com/go-park-mail-ru/2019_1_Kasatiki/cmd/server/main.go:7.13,11.2 3 0
github.com/go-park-mail-ru/2019_1_Kasatiki/multiplayer/lobby/room/gameEngine.go:8.29,14.30 4 0
github.com/go-park-mail-ru/2019_1_Kasatiki/multiplayer/lobby/room/gameEngine.go:18.2,20.6 3 0
github.com/go-park-mail-ru/2019_1_Kasatiki/multiplayer/lobby/room/gameEngine.go:66.2,68.8 2 0
github.com/go-park-mail-ru/2019_1_Kasatiki/multiplayer/lobby/room/gameEngine.go:14.30,16.3 1 0
github.com/go-park-mail-ru/2019_1_Kasatiki/multiplayer/lobby/room/gameEngine.go:20.6,23.51 1 0
github.com/go-park-mail-ru/2019_1_Kasatiki/multiplayer/lobby/room/gameEngine.go:23.51,24.11 1 0
github.com/go-park-mail-ru/2019_1_Kasatiki/multiplayer/lobby/room/gameEngine.go:26.54,33.50 3 0
github.com/go-park-mail-ru/2019_1_Kasatiki/multiplayer/lobby/room/gameEngine.go:36.54,40.50 2 0
github.com/go-park-mail-ru/2019_1_Kasatiki/multiplayer/mapGeneration.go:17.26,110.34 20 0
github.com/go-park-mail-ru/2019_1_Kasatiki/multiplayer/mapGeneration.go:128.2,131.10 3 0
github.com/go-park-mail-ru/2019_1_Kasatiki/multiplayer/mapGeneration.go:110.34,111.35 1 0
github.com/go-park-mail-ru/2019_1_Kasatiki/multiplayer/mapGeneration.go:111.35,113.39 2 0
github.com/go-park-mail-ru/2019_1_Kasatiki/multiplayer/mapGeneration.go:113.39,115.5 1 0
github.com/go-park-mail-ru/2019_1_Kasatiki/pkg/dbhandler/db.go:11.28,14.19 3 1
github.com/go-park-mail-ru/2019_1_Kasatiki/pkg/dbhandler/db.go:17.2,17.18 1 1
github.com/go-park-mail-ru/2019_1_Kasatiki/pkg/dbhandler/db.go:14.19,16.3 1 1
github.com/go-park-mail-ru/2019_1_Kasatiki/pkg/dbhandler/db.go:24.50,28.27 4 0
github.com/go-park-mail-ru/2019_1_Kasatiki/pkg/dbhandler/db.go:28.27,34.3 5 0
github.com/go-park-mail-ru/2019_1_Kasatiki/pkg/dbhandler/db.go:37.49,41.27 2 0
github.com/go-park-mail-ru/2019_1_Kasatiki/pkg/dbhandler/db.go:41.27,47.3 5 0
github.com/go-park-mail-ru/2019_1_Kasatiki/pkg/dbhandler/db.go:50.55,70.2 4 0
github.com/go-park-mail-ru/2019_1_Kasatiki/pkg/dbhandler/db.go:72.61,87.2 4 0
github.com/go-park-mail-ru/2019_1_Kasatiki/pkg/dbhandler/db.go:89.74,95.2 3 0
github.com/go-park-mail-ru/2019_1_Kasatiki/pkg/dbhandler/db.go:97.86,105.2 3 0
github.com/go-park-mail-ru/2019_1_Kasatiki/pkg/dbhandler/db.go:107.81,114.2 3 0
github.com/go-park-mail-ru/2019_1_Kasatiki/pkg/dbhandler/db.go:116.80,123.2 3 0
github.com/go-park-mail-ru/2019_1_Kasatiki/pkg/dbhandler/db.go:125.127,132.18 5 0
github.com/go-park-mail-ru/2019_1_Kasatiki/pkg/dbhandler/db.go:140.2,140.19 1 0
github.com/go-park-mail-ru/2019_1_Kasatiki/pkg/dbhandler/db.go:132.18,136.17 4 0
github.com/go-park-mail-ru/2019_1_Kasatiki/pkg/dbhandler/db.go:136.17,138.4 1 0
github.com/go-park-mail-ru/2019_1_Kasatiki/pkg/dbhandler/db.go:143.106,150.2 3 0
github.com/go-park-mail-ru/2019_1_Kasatiki/pkg/dbhandler/db.go:152.70,159.2 3 0
github.com/go-park-mail-ru/2019_1_Kasatiki/pkg/middleware/cors.go:5.61,11.2 5 0
github.com/go-park-mail-ru/2019_1_Kasatiki/multiplayer/game_logic/map.go:9.50,18.2 4 0
github.com/go-park-mail-ru/2019_1_Kasatiki/multiplayer/game_logic/map.go:21.27,121.28 19 0
github.com/go-park-mail-ru/2019_1_Kasatiki/multiplayer/game_logic/map.go:124.2,124.34 1 0
github.com/go-park-mail-ru/2019_1_Kasatiki/multiplayer/game_logic/map.go:135.2,135.31 1 0
github.com/go-park-mail-ru/2019_1_Kasatiki/multiplayer/game_logic/map.go:153.2,156.11 3 0
github.com/go-park-mail-ru/2019_1_Kasatiki/multiplayer/game_logic/map.go:121.28,123.3 1 0
github.com/go-park-mail-ru/2019_1_Kasatiki/multiplayer/game_logic/map.go:124.34,125.35 1 0
github.com/go-park-mail-ru/2019_1_Kasatiki/multiplayer/game_logic/map.go:125.35,127.35 2 0
github.com/go-park-mail-ru/2019_1_Kasatiki/multiplayer/game_logic/map.go:127.35,128.36 1 0
github.com/go-park-mail-ru/2019_1_Kasatiki/multiplayer/game_logic/map.go:128.36,130.6 1 0
github.com/go-park-mail-ru/2019_1_Kasatiki/multiplayer/game_logic/map.go:135.31,136.32 1 0
github.com/go-park-mail-ru/2019_1_Kasatiki/multiplayer/game_logic/map.go:136.32,138.60 1 0
github.com/go-park-mail-ru/2019_1_Kasatiki/multiplayer/game_logic/map.go:138.60,140.5 1 0
github.com/go-park-mail-ru/2019_1_Kasatiki/multiplayer/lobby/lobby.go:28.24,35.2 2 0
github.com/go-park-mail-ru/2019_1_Kasatiki/multiplayer/lobby/lobby.go:38.72,40.54 1 0
github.com/go-park-mail-ru/2019_1_Kasatiki/multiplayer/lobby/lobby.go:58.2,58.8 1 0
github.com/go-park-mail-ru/2019_1_Kasatiki/multiplayer/lobby/lobby.go:40.54,41.10 1 0
github.com/go-park-mail-ru/2019_1_Kasatiki/multiplayer/lobby/lobby.go:43.39,44.10 1 0
github.com/go-park-mail-ru/2019_1_Kasatiki/multiplayer/lobby/lobby.go:50.44,51.10 1 0
github.com/go-park-mail-ru/2019_1_Kasatiki/multiplayer/lobby/lobby.go:44.10,46.5 1 0
github.com/go-park-mail-ru/2019_1_Kasatiki/multiplayer/lobby/lobby.go:46.10,48.5 1 0
github.com/go-park-mail-ru/2019_1_Kasatiki/multiplayer/lobby/lobby.go:51.10,53.5 1 0
github.com/go-park-mail-ru/2019_1_Kasatiki/multiplayer/lobby/lobby.go:53.10,55.5 1 0
github.com/go-park-mail-ru/2019_1_Kasatiki/multiplayer/lobby/lobby.go:67.68,70.8 2 0
github.com/go-park-mail-ru/2019_1_Kasatiki/multiplayer/lobby/lobby.go:78.2,78.42 1 0
github.com/go-park-mail-ru/2019_1_Kasatiki/multiplayer/lobby/lobby.go:85.2,85.33 1 0
github.com/go-park-mail-ru/2019_1_Kasatiki/multiplayer/lobby/lobby.go:96.2,105.8 4 0
github.com/go-park-mail-ru/2019_1_Kasatiki/multiplayer/lobby/lobby.go:70.8,75.3 3 0
github.com/go-park-mail-ru/2019_1_Kasatiki/multiplayer/lobby/lobby.go:78.42,82.3 2 0
github.com/go-park-mail-ru/2019_1_Kasatiki/multiplayer/lobby/lobby.go:85.33,90.3 3 0
github.com/go-park-mail-ru/2019_1_Kasatiki/multiplayer/lobby/lobby.go:111.108,128.2 7 0
github.com/go-park-mail-ru/2019_1_Kasatiki/multiplayer/lobby/lobby.go:131.49,134.9 2 0
github.com/go-park-mail-ru/2019_1_Kasatiki/multiplayer/lobby/lobby.go:138.2,138.33 1 0
github.com/go-park-mail-ru/2019_1_Kasatiki/multiplayer/lobby/lobby.go:141.2,143.8 3 0
github.com/go-park-mail-ru/2019_1_Kasatiki/multiplayer/lobby/lobby.go:134.9,137.3 2 0
github.com/go-park-mail-ru/2019_1_Kasatiki/multiplayer/lobby/lobby.go:138.33,140.3 1 0
github.com/go-park-mail-ru/2019_1_Kasatiki/multiplayer/main.go:10.13,24.2 9 0
github.com/go-park-mail-ru/2019_1_Kasatiki/pkg/models/user.go:55.35,56.59 1 0
github.com/go-park-mail-ru/2019_1_Kasatiki/pkg/models/user.go:59.2,59.12 1 0
github.com/go-park-mail-ru/2019_1_Kasatiki/pkg/models/user.go:56.59,58.3 1 0
github.com/go-park-mail-ru/2019_1_Kasatiki/pkg/app/server/app.go:26.41,37.2 7 0
github.com/go-park-mail-ru/2019_1_Kasatiki/pkg/app/server/app.go:37.2,52.39 9 0
github.com/go-park-mail-ru/2019_1_Kasatiki/pkg/app/server/app.go:55.3,55.55 1 0
github.com/go-park-mail-ru/2019_1_Kasatiki/pkg/app/server/app.go:52.39,54.4 1 0
github.com/go-park-mail-ru/2019_1_Kasatiki/pkg/app/server/app.go:55.55,57.4 1 0
github.com/go-park-mail-ru/2019_1_Kasatiki/pkg/app/server/app.go:67.39,69.2 1 0
github.com/go-park-mail-ru/2019_1_Kasatiki/pkg/app/server/app.go:71.46,82.16 4 0
github.com/go-park-mail-ru/2019_1_Kasatiki/pkg/app/server/app.go:85.2,93.12 8 0
github.com/go-park-mail-ru/2019_1_Kasatiki/pkg/app/server/app.go:82.16,84.3 1 0
github.com/go-park-mail-ru/2019_1_Kasatiki/pkg/app/server/app.go:96.35,102.2 5 0
github.com/go-park-mail-ru/2019_1_Kasatiki/multiplayer/websocket_testing_page.go:7.40,159.2 5 0
github.com/go-park-mail-ru/2019_1_Kasatiki/pkg/app/server/routers.go:19.49,24.47 5 0
github.com/go-park-mail-ru/2019_1_Kasatiki/pkg/app/server/routers.go:30.2,31.16 2 0
github.com/go-park-mail-ru/2019_1_Kasatiki/pkg/app/server/routers.go:39.2,47.16 7 0
github.com/go-park-mail-ru/2019_1_Kasatiki/pkg/app/server/routers.go:53.2,55.15 3 0
github.com/go-park-mail-ru/2019_1_Kasatiki/pkg/app/server/routers.go:24.47,29.3 4 0
github.com/go-park-mail-ru/2019_1_Kasatiki/pkg/app/server/routers.go:31.16,34.40 3 0
github.com/go-park-mail-ru/2019_1_Kasatiki/pkg/app/server/routers.go:34.40,37.4 2 0
github.com/go-park-mail-ru/2019_1_Kasatiki/pkg/app/server/routers.go:47.16,52.3 4 0
github.com/go-park-mail-ru/2019_1_Kasatiki/pkg/app/server/routers.go:58.53,63.16 5 0
github.com/go-park-mail-ru/2019_1_Kasatiki/pkg/app/server/routers.go:69.2,71.15 3 0
github.com/go-park-mail-ru/2019_1_Kasatiki/pkg/app/server/routers.go:63.16,68.3 4 0
github.com/go-park-mail-ru/2019_1_Kasatiki/pkg/app/server/routers.go:71.15,72.36 1 0
github.com/go-park-mail-ru/2019_1_Kasatiki/pkg/app/server/routers.go:78.3,78.21 1 0
github.com/go-park-mail-ru/2019_1_Kasatiki/pkg/app/server/routers.go:72.36,77.4 4 0
github.com/go-park-mail-ru/2019_1_Kasatiki/pkg/app/server/routers.go:82.53,90.2 4 0
github.com/go-park-mail-ru/2019_1_Kasatiki/pkg/app/server/routers.go:92.45,95.16 3 0
github.com/go-park-mail-ru/2019_1_Kasatiki/pkg/app/server/routers.go:101.2,101.19 1 0
github.com/go-park-mail-ru/2019_1_Kasatiki/pkg/app/server/routers.go:95.16,100.3 4 0
github.com/go-park-mail-ru/2019_1_Kasatiki/pkg/app/server/routers.go:104.47,110.16 6 0
github.com/go-park-mail-ru/2019_1_Kasatiki/pkg/app/server/routers.go:116.2,118.16 3 0
github.com/go-park-mail-ru/2019_1_Kasatiki/pkg/app/server/routers.go:133.2,133.15 1 0
github.com/go-park-mail-ru/2019_1_Kasatiki/pkg/app/server/routers.go:110.16,115.3 4 0
github.com/go-park-mail-ru/2019_1_Kasatiki/pkg/app/server/routers.go:118.16,122.40 4 0
github.com/go-park-mail-ru/2019_1_Kasatiki/pkg/app/server/routers.go:126.3,126.37 1 0
github.com/go-park-mail-ru/2019_1_Kasatiki/pkg/app/server/routers.go:130.3,131.9 2 0
github.com/go-park-mail-ru/2019_1_Kasatiki/pkg/app/server/routers.go:122.40,125.4 2 0
github.com/go-park-mail-ru/2019_1_Kasatiki/pkg/app/server/routers.go:126.37,129.4 2 0
github.com/go-park-mail-ru/2019_1_Kasatiki/pkg/app/server/routers.go:136.44,141.16 5 0
github.com/go-park-mail-ru/2019_1_Kasatiki/pkg/app/server/routers.go:147.2,148.16 2 0
github.com/go-park-mail-ru/2019_1_Kasatiki/pkg/app/server/routers.go:154.2,156.15 3 0
github.com/go-park-mail-ru/2019_1_Kasatiki/pkg/app/server/routers.go:141.16,146.3 4 0
github.com/go-park-mail-ru/2019_1_Kasatiki/pkg/app/server/routers.go:148.16,153.3 4 0
github.com/go-park-mail-ru/2019_1_Kasatiki/pkg/app/server/routers.go:159.45,161.16 2 0
github.com/go-park-mail-ru/2019_1_Kasatiki/pkg/app/server/routers.go:167.2,168.16 2 0
github.com/go-park-mail-ru/2019_1_Kasatiki/pkg/app/server/routers.go:174.2,178.16 5 0
github.com/go-park-mail-ru/2019_1_Kasatiki/pkg/app/server/routers.go:184.2,186.16 3 0
github.com/go-park-mail-ru/2019_1_Kasatiki/pkg/app/server/routers.go:192.2,194.18 3 0
github.com/go-park-mail-ru/2019_1_Kasatiki/pkg/app/server/routers.go:161.16,166.3 4 0
github.com/go-park-mail-ru/2019_1_Kasatiki/pkg/app/server/routers.go:168.16,173.3 4 0
github.com/go-park-mail-ru/2019_1_Kasatiki/pkg/app/server/routers.go:178.16,183.3 4 0
github.com/go-park-mail-ru/2019_1_Kasatiki/pkg/app/server/routers.go:186.16,191.3 4 0
github.com/go-park-mail-ru/2019_1_Kasatiki/pkg/app/server/routers.go:197.45,200.2 2 0
github.com/go-park-mail-ru/2019_1_Kasatiki/pkg/app/server/routers.go:202.45,208.16 6 0
github.com/go-park-mail-ru/2019_1_Kasatiki/pkg/app/server/routers.go:213.2,215.16 3 0
github.com/go-park-mail-ru/2019_1_Kasatiki/pkg/app/server/routers.go:219.2,219.15 1 0
github.com/go-park-mail-ru/2019_1_Kasatiki/pkg/app/server/routers.go:208.16,211.3 2 0
github.com/go-park-mail-ru/2019_1_Kasatiki/pkg/app/server/routers.go:215.16,218.3 2 0
github.com/go-park-mail-ru/2019_1_Kasatiki/multiplayer/connections/connUpgrader.go:26.43,30.44 1 0
github.com/go-park-mail-ru/2019_1_Kasatiki/multiplayer/connections/connUpgrader.go:37.2,37.8 1 0
github.com/go-park-mail-ru/2019_1_Kasatiki/multiplayer/connections/connUpgrader.go:30.44,32.5 1 0
github.com/go-park-mail-ru/2019_1_Kasatiki/multiplayer/connections/connUpgrader.go:42.51,46.16 3 0
github.com/go-park-mail-ru/2019_1_Kasatiki/multiplayer/connections/connUpgrader.go:52.2,53.11 2 0
github.com/go-park-mail-ru/2019_1_Kasatiki/multiplayer/connections/connUpgrader.go:59.2,60.16 2 0
github.com/go-park-mail-ru/2019_1_Kasatiki/multiplayer/connections/connUpgrader.go:66.2,74.8 3 0
github.com/go-park-mail-ru/2019_1_Kasatiki/multiplayer/connections/connUpgrader.go:46.16,49.3 2 0
github.com/go-park-mail-ru/2019_1_Kasatiki/multiplayer/connections/connUpgrader.go:53.11,56.3 1 0
github.com/go-park-mail-ru/2019_1_Kasatiki/multiplayer/connections/connUpgrader.go:60.16,63.3 2 0
github.com/go-park-mail-ru/2019_1_Kasatiki/multiplayer/lobby/room/room.go:15.34,17.2 1 0
github.com/go-park-mail-ru/2019_1_Kasatiki/multiplayer/lobby/room/room.go:21.36,23.2 1 0
github.com/go-park-mail-ru/2019_1_Kasatiki/multiplayer/lobby/room/room.go:51.112,65.28 7 0
github.com/go-park-mail-ru/2019_1_Kasatiki/multiplayer/lobby/room/room.go:75.2,91.28 3 0
github.com/go-park-mail-ru/2019_1_Kasatiki/multiplayer/lobby/room/room.go:94.2,94.8 1 0
github.com/go-park-mail-ru/2019_1_Kasatiki/multiplayer/lobby/room/room.go:65.28,73.3 7 0
github.com/go-park-mail-ru/2019_1_Kasatiki/multiplayer/lobby/room/room.go:91.28,93.3 1 0
github.com/go-park-mail-ru/2019_1_Kasatiki/multiplayer/lobby/room/room.go:98.27,99.30 1 0
github.com/go-park-mail-ru/2019_1_Kasatiki/multiplayer/lobby/room/room.go:104.2,104.8 1 0
github.com/go-park-mail-ru/2019_1_Kasatiki/multiplayer/lobby/room/room.go:99.30,103.3 3 0
github.com/go-park-mail-ru/2019_1_Kasatiki/multiplayer/lobby/room/room.go:108.29,111.2 2 0
github.com/go-park-mail-ru/2019_1_Kasatiki/multiplayer/lobby/room/room.go:114.60,117.30 2 0
github.com/go-park-mail-ru/2019_1_Kasatiki/multiplayer/lobby/room/room.go:132.2,132.8 1 0
github.com/go-park-mail-ru/2019_1_Kasatiki/multiplayer/lobby/room/room.go:117.30,118.15 1 0
github.com/go-park-mail-ru/2019_1_Kasatiki/multiplayer/lobby/room/room.go:121.3,122.10 2 0
github.com/go-park-mail-ru/2019_1_Kasatiki/multiplayer/lobby/room/room.go:126.3,126.10 1 0
github.com/go-park-mail-ru/2019_1_Kasatiki/multiplayer/lobby/room/room.go:118.15,120.4 1 0
github.com/go-park-mail-ru/2019_1_Kasatiki/multiplayer/lobby/room/room.go:123.65,123.65 0 0
github.com/go-park-mail-ru/2019_1_Kasatiki/multiplayer/lobby/room/room.go:124.11,124.11 0 0
github.com/go-park-mail-ru/2019_1_Kasatiki/multiplayer/lobby/room/room.go:127.66,127.66 0 0
github.com/go-park-mail-ru/2019_1_Kasatiki/multiplayer/lobby/room/room.go:128.11,128.11 0 0
github.com/go-park-mail-ru/2019_1_Kasatiki/multiplayer/lobby/room/room.go:136.49,137.6 1 0
github.com/go-park-mail-ru/2019_1_Kasatiki/multiplayer/lobby/room/room.go:153.2,154.8 2 0
github.com/go-park-mail-ru/2019_1_Kasatiki/multiplayer/lobby/room/room.go:137.6,140.17 3 0
github.com/go-park-mail-ru/2019_1_Kasatiki/multiplayer/lobby/room/room.go:140.17,143.18 3 0
github.com/go-park-mail-ru/2019_1_Kasatiki/multiplayer/lobby/room/room.go:143.18,145.10 2 0
github.com/go-park-mail-ru/2019_1_Kasatiki/multiplayer/lobby/room/room.go:147.9,151.4 3 0
github.com/go-park-mail-ru/2019_1_Kasatiki/multiplayer/lobby/room/room.go:158.49,159.30 1 0
github.com/go-park-mail-ru/2019_1_Kasatiki/multiplayer/lobby/room/room.go:182.2,183.8 2 0
github.com/go-park-mail-ru/2019_1_Kasatiki/multiplayer/lobby/room/room.go:159.30,160.26 1 0
github.com/go-park-mail-ru/2019_1_Kasatiki/multiplayer/lobby/room/room.go:160.26,162.8 1 0
github.com/go-park-mail-ru/2019_1_Kasatiki/multiplayer/lobby/room/room.go:179.4,179.45 1 0
github.com/go-park-mail-ru/2019_1_Kasatiki/multiplayer/lobby/room/room.go:162.8,163.12 1 0
github.com/go-park-mail-ru/2019_1_Kasatiki/multiplayer/lobby/room/room.go:164.54,165.35 1 0
github.com/go-park-mail-ru/2019_1_Kasatiki/multiplayer/lobby/room/room.go:165.35,166.31 1 0
github.com/go-park-mail-ru/2019_1_Kasatiki/multiplayer/lobby/room/room.go:166.31,168.22 2 0
github.com/go-park-mail-ru/2019_1_Kasatiki/multiplayer/lobby/room/room.go:168.22,170.23 2 0
github.com/go-park-mail-ru/2019_1_Kasatiki/multiplayer/lobby/room/room.go:170.23,171.26 1 0
github.com/go-park-mail-ru/2019_1_Kasatiki/multiplayer/game_logic/player.go:21.56,31.2 4 0
github.com/go-park-mail-ru/2019_1_Kasatiki/multiplayer/game_logic/player.go:33.40,43.2 2 0
github.com/go-park-mail-ru/2019_1_Kasatiki/multiplayer/game_logic/player.go:46.45,48.2 1 0
github.com/go-park-mail-ru/2019_1_Kasatiki/multiplayer/game_logic/player.go:50.38,58.2 1 0
github.com/go-park-mail-ru/2019_1_Kasatiki/multiplayer/game_logic/player.go:61.48,63.2 1 0
github.com/go-park-mail-ru/2019_1_Kasatiki/multiplayer/game_logic/player.go:66.26,68.2 0 0
github.com/go-park-mail-ru/2019_1_Kasatiki/multiplayer/game_logic/player.go:70.41,72.2 1 0
github.com/go-park-mail-ru/2019_1_Kasatiki/multiplayer/game_logic/player.go:74.47,76.2 1 0
github.com/go-park-mail-ru/2019_1_Kasatiki/multiplayer/game_logic/game.go:4.65,6.2 1 0
github.com/go-park-mail-ru/2019_1_Kasatiki/multiplayer/game_logic/game.go:9.49,11.2 0 0
github.com/go-park-mail-ru/2019_1_Kasatiki/multiplayer/game_logic/game.go:15.31,17.2 0 0
github.com/go-park-mail-ru/2019_1_Kasatiki/multiplayer/game_logic/game.go:21.82,24.14 3 0
github.com/go-park-mail-ru/2019_1_Kasatiki/multiplayer/game_logic/game.go:27.2,27.12 1 0
github.com/go-park-mail-ru/2019_1_Kasatiki/multiplayer/game_logic/game.go:30.2,30.14 1 0
github.com/go-park-mail-ru/2019_1_Kasatiki/multiplayer/game_logic/game.go:34.2,34.15 1 0
github.com/go-park-mail-ru/2019_1_Kasatiki/multiplayer/game_logic/game.go:38.2,38.14 1 0
github.com/go-park-mail-ru/2019_1_Kasatiki/multiplayer/game_logic/game.go:42.2,42.42 1 0
github.com/go-park-mail-ru/2019_1_Kasatiki/multiplayer/game_logic/game.go:51.2,51.8 1 0
github.com/go-park-mail-ru/2019_1_Kasatiki/multiplayer/game_logic/game.go:24.14,26.3 1 0
github.com/go-park-mail-ru/2019_1_Kasatiki/multiplayer/game_logic/game.go:27.12,29.3 1 0
github.com/go-park-mail-ru/2019_1_Kasatiki/multiplayer/game_logic/game.go:30.14,33.3 1 0
github.com/go-park-mail-ru/2019_1_Kasatiki/multiplayer/game_logic/game.go:34.15,36.3 1 0
github.com/go-park-mail-ru/2019_1_Kasatiki/multiplayer/game_logic/game.go:38.14,40.3 1 0
github.com/go-park-mail-ru/2019_1_Kasatiki/multiplayer/game_logic/game.go:42.42,50.3 7 0
github.com/go-park-mail-ru/2019_1_Kasatiki/multiplayer/game_logic/constructors.go:10.85,18.45 8 0
github.com/go-park-mail-ru/2019_1_Kasatiki/multiplayer/game_logic/constructors.go:27.2,27.19 1 0
github.com/go-park-mail-ru/2019_1_Kasatiki/multiplayer/game_logic/constructors.go:18.45,26.3 7 0
github.com/go-park-mail-ru/2019_1_Kasatiki/multiplayer/game_logic/constructors.go:51.115,54.32 3 0
github.com/go-park-mail-ru/2019_1_Kasatiki/multiplayer/game_logic/constructors.go:63.2,63.8 1 0
github.com/go-park-mail-ru/2019_1_Kasatiki/multiplayer/game_logic/constructors.go:54.32,62.3 4 0
github.com/go-park-mail-ru/2019_1_Kasatiki/multiplayer/game_logic/constructors.go:67.32,69.2 1 0
github.com/go-park-mail-ru/2019_1_Kasatiki/multiplayer/game_logic/constructors.go:71.41,73.2 1 0
github.com/go-park-mail-ru/2019_1_Kasatiki/pkg/chat/hub.go:32.20,42.16 3 0
github.com/go-park-mail-ru/2019_1_Kasatiki/pkg/chat/hub.go:46.2,52.3 1 0
github.com/go-park-mail-ru/2019_1_Kasatiki/pkg/chat/hub.go:42.16,44.3 1 0
github.com/go-park-mail-ru/2019_1_Kasatiki/pkg/chat/hub.go:55.21,57.16 2 0
github.com/go-park-mail-ru/2019_1_Kasatiki/pkg/chat/hub.go:61.2,61.6 1 0
github.com/go-park-mail-ru/2019_1_Kasatiki/pkg/chat/hub.go:57.16,60.3 2 0
github.com/go-park-mail-ru/2019_1_Kasatiki/pkg/chat/hub.go:61.6,62.10 1 0
github.com/go-park-mail-ru/2019_1_Kasatiki/pkg/chat/hub.go:63.31,64.28 1 0
github.com/go-park-mail-ru/2019_1_Kasatiki/pkg/chat/hub.go:65.33,66.38 1 0
github.com/go-park-mail-ru/2019_1_Kasatiki/pkg/chat/hub.go:70.33,71.34 1 0
github.com/go-park-mail-ru/2019_1_Kasatiki/pkg/chat/hub.go:66.38,69.5 2 0
github.com/go-park-mail-ru/2019_1_Kasatiki/pkg/chat/hub.go:71.34,72.12 1 0
github.com/go-park-mail-ru/2019_1_Kasatiki/pkg/chat/hub.go:73.33,73.33 0 0
github.com/go-park-mail-ru/2019_1_Kasatiki/pkg/chat/hub.go:74.13,76.31 2 0
github.com/go-park-mail-ru/2019_1_Kasatiki/pkg/chat/main.go:16.56,18.23 2 0
github.com/go-park-mail-ru/2019_1_Kasatiki/pkg/chat/main.go:22.2,22.23 1 0
github.com/go-park-mail-ru/2019_1_Kasatiki/pkg/chat/main.go:26.2,26.35 1 0
github.com/go-park-mail-ru/2019_1_Kasatiki/pkg/chat/main.go:18.23,21.3 2 0
github.com/go-park-mail-ru/2019_1_Kasatiki/pkg/chat/main.go:22.23,25.3 2 0
github.com/go-park-mail-ru/2019_1_Kasatiki/pkg/chat/main.go:29.13,35.70 4 0
github.com/go-park-mail-ru/2019_1_Kasatiki/pkg/chat/main.go:38.2,39.16 2 0
github.com/go-park-mail-ru/2019_1_Kasatiki/pkg/chat/main.go:35.70,37.3 1 0
github.com/go-park-mail-ru/2019_1_Kasatiki/pkg/chat/main.go:39.16,41.3 1 0
github.com/go-park-mail-ru/2019_1_Kasatiki/pkg/middleware/auth.go:11.60,12.84 1 0
github.com/go-park-mail-ru/2019_1_Kasatiki/pkg/middleware/auth.go:19.2,19.16 1 0
github.com/go-park-mail-ru/2019_1_Kasatiki/pkg/middleware/auth.go:22.2,24.20 2 0
github.com/go-park-mail-ru/2019_1_Kasatiki/pkg/middleware/auth.go:12.84,13.58 1 0
github.com/go-park-mail-ru/2019_1_Kasatiki/pkg/middleware/auth.go:16.3,17.24 2 0
github.com/go-park-mail-ru/2019_1_Kasatiki/pkg/middleware/auth.go:13.58,15.4 1 0
github.com/go-park-mail-ru/2019_1_Kasatiki/pkg/middleware/auth.go:19.16,21.3 1 0
github.com/go-park-mail-ru/2019_1_Kasatiki/pkg/middleware/auth.go:27.90,28.30 1 0
github.com/go-park-mail-ru/2019_1_Kasatiki/pkg/middleware/auth.go:28.30,31.17 2 0
github.com/go-park-mail-ru/2019_1_Kasatiki/pkg/middleware/auth.go:36.3,37.17 2 0
github.com/go-park-mail-ru/2019_1_Kasatiki/pkg/middleware/auth.go:42.3,44.17 3 0
github.com/go-park-mail-ru/2019_1_Kasatiki/pkg/middleware/auth.go:31.17,35.4 3 0
github.com/go-park-mail-ru/2019_1_Kasatiki/pkg/middleware/auth.go:37.17,41.4 3 0
github.com/go-park-mail-ru/2019_1_Kasatiki/pkg/chat/client.go:40.42,42.3 1 0
github.com/go-park-mail-ru/2019_1_Kasatiki/pkg/chat/client.go:63.29,64.15 1 0
github.com/go-park-mail-ru/2019_1_Kasatiki/pkg/chat/client.go:68.2,70.43 3 0
github.com/go-park-mail-ru/2019_1_Kasatiki/pkg/chat/client.go:71.2,71.6 1 0
github.com/go-park-mail-ru/2019_1_Kasatiki/pkg/chat/client.go:64.15,67.3 2 0
github.com/go-park-mail-ru/2019_1_Kasatiki/pkg/chat/client.go:70.43,70.107 2 0
github.com/go-park-mail-ru/2019_1_Kasatiki/pkg/chat/client.go:71.6,73.17 2 0
github.com/go-park-mail-ru/2019_1_Kasatiki/pkg/chat/client.go:80.3,89.17 10 0
github.com/go-park-mail-ru/2019_1_Kasatiki/pkg/chat/client.go:92.3,92.25 1 0
github.com/go-park-mail-ru/2019_1_Kasatiki/pkg/chat/client.go:73.17,74.103 1 0
github.com/go-park-mail-ru/2019_1_Kasatiki/pkg/chat/client.go:77.4,77.9 1 0
github.com/go-park-mail-ru/2019_1_Kasatiki/pkg/chat/client.go:74.103,76.5 1 0
github.com/go-park-mail-ru/2019_1_Kasatiki/pkg/chat/client.go:89.17,91.4 1 0
github.com/go-park-mail-ru/2019_1_Kasatiki/pkg/chat/client.go:101.30,103.15 2 0
github.com/go-park-mail-ru/2019_1_Kasatiki/pkg/chat/client.go:107.2,107.6 1 0
github.com/go-park-mail-ru/2019_1_Kasatiki/pkg/chat/client.go:103.15,106.3 2 0
github.com/go-park-mail-ru/2019_1_Kasatiki/pkg/chat/client.go:107.6,108.10 1 0
github.com/go-park-mail-ru/2019_1_Kasatiki/pkg/chat/client.go:109.32,111.11 2 0
github.com/go-park-mail-ru/2019_1_Kasatiki/pkg/chat/client.go:117.4,118.18 2 0
github.com/go-park-mail-ru/2019_1_Kasatiki/pkg/chat/client.go:123.4,128.27 3 0
github.com/go-park-mail-ru/2019_1_Kasatiki/pkg/chat/client.go:134.4,134.36 1 0
github.com/go-park-mail-ru/2019_1_Kasatiki/pkg/chat/client.go:137.19,139.74 2 0
github.com/go-park-mail-ru/2019_1_Kasatiki/pkg/chat/client.go:111.11,115.5 2 0
github.com/go-park-mail-ru/2019_1_Kasatiki/pkg/chat/client.go:118.18,120.5 1 0
github.com/go-park-mail-ru/2019_1_Kasatiki/pkg/chat/client.go:128.27,132.5 2 0
github.com/go-park-mail-ru/2019_1_Kasatiki/pkg/chat/client.go:134.36,136.5 1 0
github.com/go-park-mail-ru/2019_1_Kasatiki/pkg/chat/client.go:139.74,141.5 1 0
github.com/go-park-mail-ru/2019_1_Kasatiki/pkg/chat/client.go:147.64,149.16 2 0
github.com/go-park-mail-ru/2019_1_Kasatiki/pkg/chat/client.go:153.2,156.16 4 0
github.com/go-park-mail-ru/2019_1_Kasatiki/pkg/chat/client.go:163.2,164.16 2 0
github.com/go-park-mail-ru/2019_1_Kasatiki/pkg/chat/client.go:171.2,176.22 6 0
github.com/go-park-mail-ru/2019_1_Kasatiki/pkg/chat/client.go:149.16,152.3 2 0
github.com/go-park-mail-ru/2019_1_Kasatiki/pkg/chat/client.go:156.16,162.3 5 0
github.com/go-park-mail-ru/2019_1_Kasatiki/pkg/chat/client.go:164.16,170.3 5 0
github.com/go-park-mail-ru/2019_1_Kasatiki/pkg/middleware/logger.go:13.63,16.16 3 0
github.com/go-park-mail-ru/2019_1_Kasatiki/pkg/middleware/logger.go:19.2,29.20 11 0
github.com/go-park-mail-ru/2019_1_Kasatiki/pkg/middleware/logger.go:32.2,43.23 2 0
github.com/go-park-mail-ru/2019_1_Kasatiki/pkg/middleware/logger.go:16.16,18.3 1 0
github.com/go-park-mail-ru/2019_1_Kasatiki/pkg/middleware/logger.go:29.20,31.3 1 0
github.com/go-park-mail-ru/2019_1_Kasatiki/pkg/middleware/logger.go:43.23,45.3 1 0
github.com/go-park-mail-ru/2019_1_Kasatiki/pkg/middleware/logger.go:45.8,47.23 2 0
github.com/go-park-mail-ru/2019_1_Kasatiki/pkg/middleware/logger.go:47.23,49.4 1 0
github.com/go-park-mail-ru/2019_1_Kasatiki/pkg/middleware/logger.go:49.9,49.30 1 0
github.com/go-park-mail-ru/2019_1_Kasatiki/pkg/middleware/logger.go:49.30,52.4 2 0
github.com/go-park-mail-ru/2019_1_Kasatiki/pkg/middleware/logger.go:52.9,54.4 1 0
github.com/go-park-mail-ru/2019_1_Kasatiki/pkg/middleware/recovery.go:7.55,8.15 1 0
github.com/go-park-mail-ru/2019_1_Kasatiki/pkg/middleware/recovery.go:16.2,16.10 1 0
github.com/go-park-mail-ru/2019_1_Kasatiki/pkg/middleware/recovery.go:8.15,9.35 1 0
github.com/go-park-mail-ru/2019_1_Kasatiki/pkg/middleware/recovery.go:9.35,10.30 1 0
github.com/go-park-mail-ru/2019_1_Kasatiki/pkg/middleware/recovery.go:10.30,13.5 2 0
github.com/go-park-mail-ru/2019_1_Kasatiki/pkg/payments/payout.go:16.69,34.2 3 0
github.com/go-park-mail-ru/2019_1_Kasatiki/pkg/payments/payout.go:36.70,38.16 2 0
github.com/go-park-mail-ru/2019_1_Kasatiki/pkg/payments/payout.go:41.2,42.16 2 0
github.com/go-park-mail-ru/2019_1_Kasatiki/pkg/payments/payout.go:45.2,45.12 1 0
github.com/go-park-mail-ru/2019_1_Kasatiki/pkg/payments/payout.go:38.16,40.3 1 0
github.com/go-park-mail-ru/2019_1_Kasatiki/pkg/payments/payout.go:42.16,44.3 1 0
github.com/go-park-mail-ru/2019_1_Kasatiki/pkg/payments/payout.go:48.91,51.16 2 0
github.com/go-park-mail-ru/2019_1_Kasatiki/pkg/payments/payout.go:55.2,67.16 10 0
github.com/go-park-mail-ru/2019_1_Kasatiki/pkg/payments/payout.go:70.2,75.12 5 0
github.com/go-park-mail-ru/2019_1_Kasatiki/pkg/payments/payout.go:51.16,53.3 1 0
github.com/go-park-mail-ru/2019_1_Kasatiki/pkg/payments/payout.go:67.16,69.3 1 0
github.com/go-park-mail-ru/2019_1_Kasatiki/pkg/middleware/recovery.go:7.55,8.15 1 0
github.com/go-park-mail-ru/2019_1_Kasatiki/pkg/middleware/recovery.go:16.2,16.10 1 0
github.com/go-park-mail-ru/2019_1_Kasatiki/pkg/middleware/recovery.go:8.15,9.35 1 0
github.com/go-park-mail-ru/2019_1_Kasatiki/pkg/middleware/recovery.go:9.35,10.30 1 0
github.com/go-park-mail-ru/2019_1_Kasatiki/pkg/middleware/recovery.go:10.30,13.5 2 0
github.com/go-park-mail-ru/2019_1_Kasatiki/pkg/payments/payout.go:16.69,34.2 3 0
github.com/go-park-mail-ru/2019_1_Kasatiki/pkg/payments/payout.go:36.70,38.16 2 0
github.com/go-park-mail-ru/2019_1_Kasatiki/pkg/payments/payout.go:41.2,42.16 2 0
github.com/go-park-mail-ru/2019_1_Kasatiki/pkg/payments/payout.go:45.2,45.12 1 0
github.com/go-park-mail-ru/2019_1_Kasatiki/pkg/payments/payout.go:38.16,40.3 1 0
github.com/go-park-mail-ru/2019_1_Kasatiki/pkg/payments/payout.go:42.16,44.3 1 0
github.com/go-park-mail-ru/2019_1_Kasatiki/pkg/payments/payout.go:48.91,51.16 2 0
github.com/go-park-mail-ru/2019_1_Kasatiki/pkg/payments/payout.go:55.2,67.16 10 0
github.com/go-park-mail-ru/2019_1_Kasatiki/pkg/payments/payout.go:70.2,75.12 5 0
github.com/go-park-mail-ru/2019_1_Kasatiki/pkg/payments/payout.go:51.16,53.3 1 0
github.com/go-park-mail-ru/2019_1_Kasatiki/pkg/payments/payout.go:67.16,69.3 1 0
github.com/go-park-mail-ru/2019_1_Kasatiki/multiplayer/main.go:10.13,24.2 9 0
github.com/go-park-mail-ru/2019_1_Kasatiki/multiplayer/game_logic/game.go:4.65,6.2 1 0
github.com/go-park-mail-ru/2019_1_Kasatiki/multiplayer/game_logic/game.go:9.49,11.2 0 0
github.com/go-park-mail-ru/2019_1_Kasatiki/multiplayer/game_logic/game.go:15.31,17.2 0 0
github.com/go-park-mail-ru/2019_1_Kasatiki/multiplayer/game_logic/game.go:21.82,24.14 3 0
github.com/go-park-mail-ru/2019_1_Kasatiki/multiplayer/game_logic/game.go:27.2,27.12 1 0
github.com/go-park-mail-ru/2019_1_Kasatiki/multiplayer/game_logic/game.go:30.2,30.14 1 0
github.com/go-park-mail-ru/2019_1_Kasatiki/multiplayer/game_logic/game.go:34.2,34.15 1 0
github.com/go-park-mail-ru/2019_1_Kasatiki/multiplayer/game_logic/game.go:38.2,38.14 1 0
github.com/go-park-mail-ru/2019_1_Kasatiki/multiplayer/game_logic/game.go:42.2,42.42 1 0
github.com/go-park-mail-ru/2019_1_Kasatiki/multiplayer/game_logic/game.go:51.2,51.8 1 0
github.com/go-park-mail-ru/2019_1_Kasatiki/multiplayer/game_logic/game.go:24.14,26.3 1 0
github.com/go-park-mail-ru/2019_1_Kasatiki/multiplayer/game_logic/game.go:27.12,29.3 1 0
github.com/go-park-mail-ru/2019_1_Kasatiki/multiplayer/game_logic/game.go:30.14,33.3 1 0
github.com/go-park-mail-ru/2019_1_Kasatiki/multiplayer/game_logic/game.go:34.15,36.3 1 0
github.com/go-park-mail-ru/2019_1_Kasatiki/multiplayer/game_logic/game.go:38.14,40.3 1 0
github.com/go-park-mail-ru/2019_1_Kasatiki/multiplayer/game_logic/game.go:42.42,50.3 7 0
github.com/go-park-mail-ru/2019_1_Kasatiki/multiplayer/lobby/room/gameEngine.go:8.29,14.30 4 0
github.com/go-park-mail-ru/2019_1_Kasatiki/multiplayer/lobby/room/gameEngine.go:18.2,20.6 3 0
github.com/go-park-mail-ru/2019_1_Kasatiki/multiplayer/lobby/room/gameEngine.go:66.2,68.8 2 0
github.com/go-park-mail-ru/2019_1_Kasatiki/multiplayer/lobby/room/gameEngine.go:14.30,16.3 1 0
github.com/go-park-mail-ru/2019_1_Kasatiki/multiplayer/lobby/room/gameEngine.go:20.6,23.51 1 0
github.com/go-park-mail-ru/2019_1_Kasatiki/multiplayer/lobby/room/gameEngine.go:23.51,24.11 1 0
github.com/go-park-mail-ru/2019_1_Kasatiki/multiplayer/lobby/room/gameEngine.go:26.54,33.50 3 0
github.com/go-park-mail-ru/2019_1_Kasatiki/multiplayer/lobby/room/gameEngine.go:36.54,40.50 2 0
github.com/go-park-mail-ru/2019_1_Kasatiki/pkg/dbhandler/db.go:11.28,14.19 3 0
github.com/go-park-mail-ru/2019_1_Kasatiki/pkg/dbhandler/db.go:17.2,17.18 1 0
github.com/go-park-mail-ru/2019_1_Kasatiki/pkg/dbhandler/db.go:14.19,16.3 1 0
github.com/go-park-mail-ru/2019_1_Kasatiki/pkg/dbhandler/db.go:24.50,28.27 4 0
github.com/go-park-mail-ru/2019_1_Kasatiki/pkg/dbhandler/db.go:28.27,34.3 5 0
github.com/go-park-mail-ru/2019_1_Kasatiki/pkg/dbhandler/db.go:37.49,41.27 2 0
github.com/go-park-mail-ru/2019_1_Kasatiki/pkg/dbhandler/db.go:41.27,47.3 5 0
github.com/go-park-mail-ru/2019_1_Kasatiki/pkg/dbhandler/db.go:50.55,70.2 4 0
github.com/go-park-mail-ru/2019_1_Kasatiki/pkg/dbhandler/db.go:72.61,87.2 4 0
github.com/go-park-mail-ru/2019_1_Kasatiki/pkg/dbhandler/db.go:89.74,95.2 3 0
github.com/go-park-mail-ru/2019_1_Kasatiki/pkg/dbhandler/db.go:97.86,105.2 3 0
github.com/go-park-mail-ru/2019_1_Kasatiki/pkg/dbhandler/db.go:107.81,114.2 3 0
github.com/go-park-mail-ru/2019_1_Kasatiki/pkg/dbhandler/db.go:116.80,123.2 3 0
github.com/go-park-mail-ru/2019_1_Kasatiki/pkg/dbhandler/db.go:125.127,132.18 5 0
github.com/go-park-mail-ru/2019_1_Kasatiki/pkg/dbhandler/db.go:140.2,140.19 1 0
github.com/go-park-mail-ru/2019_1_Kasatiki/pkg/dbhandler/db.go:132.18,136.17 4 0
github.com/go-park-mail-ru/2019_1_Kasatiki/pkg/dbhandler/db.go:136.17,138.4 1 0
github.com/go-park-mail-ru/2019_1_Kasatiki/pkg/dbhandler/db.go:143.106,150.2 3 0
github.com/go-park-mail-ru/2019_1_Kasatiki/pkg/dbhandler/db.go:152.70,159.2 3 0
github.com/go-park-mail-ru/2019_1_Kasatiki/multiplayer/game_logic/constructors.go:10.85,18.45 8 0
github.com/go-park-mail-ru/2019_1_Kasatiki/multiplayer/game_logic/constructors.go:27.2,27.19 1 0
github.com/go-park-mail-ru/2019_1_Kasatiki/multiplayer/game_logic/constructors.go:18.45,26.3 7 0
github.com/go-park-mail-ru/2019_1_Kasatiki/multiplayer/game_logic/constructors.go:51.115,54.32 3 0
github.com/go-park-mail-ru/2019_1_Kasatiki/multiplayer/game_logic/constructors.go:63.2,63.8 1 0
github.com/go-park-mail-ru/2019_1_Kasatiki/multiplayer/game_logic/constructors.go:54.32,62.3 4 0
github.com/go-park-mail-ru/2019_1_Kasatiki/multiplayer/game_logic/constructors.go:67.32,69.2 1 0
github.com/go-park-mail-ru/2019_1_Kasatiki/multiplayer/game_logic/constructors.go:71.41,73.2 1 0
github.com/go-park-mail-ru/2019_1_Kasatiki/pkg/chat/main.go:16.56,18.23 2 0
github.com/go-park-mail-ru/2019_1_Kasatiki/pkg/chat/main.go:22.2,22.23 1 0
github.com/go-park-mail-ru/2019_1_Kasatiki/pkg/chat/main.go:26.2,26.35 1 0
github.com/go-park-mail-ru/2019_1_Kasatiki/pkg/chat/main.go:18.23,21.3 2 0
github.com/go-park-mail-ru/2019_1_Kasatiki/pkg/chat/main.go:22.23,25.3 2 0
github.com/go-park-mail-ru/2019_1_Kasatiki/pkg/chat/main.go:29.13,35.70 4 0
github.com/go-park-mail-ru/2019_1_Kasatiki/pkg/chat/main.go:38.2,39.16 2 0
github.com/go-park-mail-ru/2019_1_Kasatiki/pkg/chat/main.go:35.70,37.3 1 0
github.com/go-park-mail-ru/2019_1_Kasatiki/pkg/chat/main.go:39.16,41.3 1 0
github.com/go-park-mail-ru/2019_1_Kasatiki/pkg/models/user.go:55.35,56.59 1 1
github.com/go-park-mail-ru/2019_1_Kasatiki/pkg/models/user.go:59.2,59.12 1 1
github.com/go-park-mail-ru/2019_1_Kasatiki/pkg/models/user.go:56.59,58.3 1 1
github.com/go-park-mail-ru/2019_1_Kasatiki/pkg/middleware/logger.go:13.63,16.16 3 0
github.com/go-park-mail-ru/2019_1_Kasatiki/pkg/middleware/logger.go:19.2,29.20 11 0
github.com/go-park-mail-ru/2019_1_Kasatiki/pkg/middleware/logger.go:32.2,43.23 2 0
github.com/go-park-mail-ru/2019_1_Kasatiki/pkg/middleware/logger.go:16.16,18.3 1 0
github.com/go-park-mail-ru/2019_1_Kasatiki/pkg/middleware/logger.go:29.20,31.3 1 0
github.com/go-park-mail-ru/2019_1_Kasatiki/pkg/middleware/logger.go:43.23,45.3 1 0
github.com/go-park-mail-ru/2019_1_Kasatiki/pkg/middleware/logger.go:45.8,47.23 2 0
github.com/go-park-mail-ru/2019_1_Kasatiki/pkg/middleware/logger.go:47.23,49.4 1 0
github.com/go-park-mail-ru/2019_1_Kasatiki/pkg/middleware/logger.go:49.9,49.30 1 0
github.com/go-park-mail-ru/2019_1_Kasatiki/pkg/middleware/logger.go:49.30,52.4 2 0
github.com/go-park-mail-ru/2019_1_Kasatiki/pkg/middleware/logger.go:52.9,54.4 1 0
github.com/go-park-mail-ru/2019_1_Kasatiki/pkg/chat/hub.go:32.20,42.16 3 0
github.com/go-park-mail-ru/2019_1_Kasatiki/pkg/chat/hub.go:46.2,52.3 1 0
github.com/go-park-mail-ru/2019_1_Kasatiki/pkg/chat/hub.go:42.16,44.3 1 0
github.com/go-park-mail-ru/2019_1_Kasatiki/pkg/chat/hub.go:55.21,57.16 2 0
github.com/go-park-mail-ru/2019_1_Kasatiki/pkg/chat/hub.go:61.2,61.6 1 0
github.com/go-park-mail-ru/2019_1_Kasatiki/pkg/chat/hub.go:57.16,60.3 2 0
github.com/go-park-mail-ru/2019_1_Kasatiki/pkg/chat/hub.go:61.6,62.10 1 0
github.com/go-park-mail-ru/2019_1_Kasatiki/pkg/chat/hub.go:63.31,64.28 1 0
github.com/go-park-mail-ru/2019_1_Kasatiki/pkg/chat/hub.go:65.33,66.38 1 0
github.com/go-park-mail-ru/2019_1_Kasatiki/pkg/chat/hub.go:70.33,71.34 1 0
github.com/go-park-mail-ru/2019_1_Kasatiki/pkg/chat/hub.go:66.38,69.5 2 0
github.com/go-park-mail-ru/2019_1_Kasatiki/pkg/chat/hub.go:71.34,72.12 1 0
github.com/go-park-mail-ru/2019_1_Kasatiki/pkg/chat/hub.go:73.33,73.33 0 0
github.com/go-park-mail-ru/2019_1_Kasatiki/pkg/chat/hub.go:74.13,76.31 2 0
github.com/go-park-mail-ru/2019_1_Kasatiki/multiplayer/connections/connUpgrader.go:26.43,30.44 1 0
github.com/go-park-mail-ru/2019_1_Kasatiki/multiplayer/connections/connUpgrader.go:37.2,37.8 1 0
github.com/go-park-mail-ru/2019_1_Kasatiki/multiplayer/connections/connUpgrader.go:30.44,32.5 1 0
github.com/go-park-mail-ru/2019_1_Kasatiki/multiplayer/connections/connUpgrader.go:42.51,46.16 3 0
github.com/go-park-mail-ru/2019_1_Kasatiki/multiplayer/connections/connUpgrader.go:52.2,53.11 2 0
github.com/go-park-mail-ru/2019_1_Kasatiki/multiplayer/connections/connUpgrader.go:59.2,60.16 2 0
github.com/go-park-mail-ru/2019_1_Kasatiki/multiplayer/connections/connUpgrader.go:66.2,74.8 3 0
github.com/go-park-mail-ru/2019_1_Kasatiki/multiplayer/connections/connUpgrader.go:46.16,49.3 2 0
github.com/go-park-mail-ru/2019_1_Kasatiki/multiplayer/connections/connUpgrader.go:53.11,56.3 1 0
github.com/go-park-mail-ru/2019_1_Kasatiki/multiplayer/connections/connUpgrader.go:60.16,63.3 2 0
github.com/go-park-mail-ru/2019_1_Kasatiki/multiplayer/lobby/room/room.go:15.34,17.2 1 0
github.com/go-park-mail-ru/2019_1_Kasatiki/multiplayer/lobby/room/room.go:21.36,23.2 1 0
github.com/go-park-mail-ru/2019_1_Kasatiki/multiplayer/lobby/room/room.go:51.112,65.28 7 0
github.com/go-park-mail-ru/2019_1_Kasatiki/multiplayer/lobby/room/room.go:75.2,91.28 3 0
github.com/go-park-mail-ru/2019_1_Kasatiki/multiplayer/lobby/room/room.go:94.2,94.8 1 0
github.com/go-park-mail-ru/2019_1_Kasatiki/multiplayer/lobby/room/room.go:65.28,73.3 7 0
github.com/go-park-mail-ru/2019_1_Kasatiki/multiplayer/lobby/room/room.go:91.28,93.3 1 0
github.com/go-park-mail-ru/2019_1_Kasatiki/multiplayer/lobby/room/room.go:98.27,99.30 1 0
github.com/go-park-mail-ru/2019_1_Kasatiki/multiplayer/lobby/room/room.go:104.2,104.8 1 0
github.com/go-park-mail-ru/2019_1_Kasatiki/multiplayer/lobby/room/room.go:99.30,103.3 3 0
github.com/go-park-mail-ru/2019_1_Kasatiki/multiplayer/lobby/room/room.go:108.29,111.2 2 0
github.com/go-park-mail-ru/2019_1_Kasatiki/multiplayer/lobby/room/room.go:114.60,117.30 2 0
github.com/go-park-mail-ru/2019_1_Kasatiki/multiplayer/lobby/room/room.go:132.2,132.8 1 0
github.com/go-park-mail-ru/2019_1_Kasatiki/multiplayer/lobby/room/room.go:117.30,118.15 1 0
github.com/go-park-mail-ru/2019_1_Kasatiki/multiplayer/lobby/room/room.go:121.3,122.10 2 0
github.com/go-park-mail-ru/2019_1_Kasatiki/multiplayer/lobby/room/room.go:126.3,126.10 1 0
github.com/go-park-mail-ru/2019_1_Kasatiki/multiplayer/lobby/room/room.go:118.15,120.4 1 0
github.com/go-park-mail-ru/2019_1_Kasatiki/multiplayer/lobby/room/room.go:123.65,123.65 0 0
github.com/go-park-mail-ru/2019_1_Kasatiki/multiplayer/lobby/room/room.go:124.11,124.11 0 0
github.com/go-park-mail-ru/2019_1_Kasatiki/multiplayer/lobby/room/room.go:127.66,127.66 0 0
github.com/go-park-mail-ru/2019_1_Kasatiki/multiplayer/lobby/room/room.go:128.11,128.11 0 0
github.com/go-park-mail-ru/2019_1_Kasatiki/multiplayer/lobby/room/room.go:136.49,137.6 1 0
github.com/go-park-mail-ru/2019_1_Kasatiki/multiplayer/lobby/room/room.go:153.2,154.8 2 0
github.com/go-park-mail-ru/2019_1_Kasatiki/multiplayer/lobby/room/room.go:137.6,140.17 3 0
github.com/go-park-mail-ru/2019_1_Kasatiki/multiplayer/lobby/room/room.go:140.17,143.18 3 0
github.com/go-park-mail-ru/2019_1_Kasatiki/multiplayer/lobby/room/room.go:143.18,145.10 2 0
github.com/go-park-mail-ru/2019_1_Kasatiki/multiplayer/lobby/room/room.go:147.9,151.4 3 0
github.com/go-park-mail-ru/2019_1_Kasatiki/multiplayer/lobby/room/room.go:158.49,159.30 1 0
github.com/go-park-mail-ru/2019_1_Kasatiki/multiplayer/lobby/room/room.go:182.2,183.8 2 0
github.com/go-park-mail-ru/2019_1_Kasatiki/multiplayer/lobby/room/room.go:159.30,160.26 1 0
github.com/go-park-mail-ru/2019_1_Kasatiki/multiplayer/lobby/room/room.go:160.26,162.8 1 0
github.com/go-park-mail-ru/2019_1_Kasatiki/multiplayer/lobby/room/room.go:179.4,179.45 1 0
github.com/go-park-mail-ru/2019_1_Kasatiki/multiplayer/lobby/room/room.go:162.8,163.12 1 0
github.com/go-park-mail-ru/2019_1_Kasatiki/multiplayer/lobby/room/room.go:164.54,165.35 1 0
github.com/go-park-mail-ru/2019_1_Kasatiki/multiplayer/lobby/room/room.go:165.35,166.31 1 0
github.com/go-park-mail-ru/2019_1_Kasatiki/multiplayer/lobby/room/room.go:166.31,168.22 2 0
github.com/go-park-mail-ru/2019_1_Kasatiki/multiplayer/lobby/room/room.go:168.22,170.23 2 0
github.com/go-park-mail-ru/2019_1_Kasatiki/multiplayer/lobby/room/room.go:170.23,171.26 1 0
github.com/go-park-mail-ru/2019_1_Kasatiki/multiplayer/websocket_testing_page.go:7.40,159.2 5 0
github.com/go-park-mail-ru/2019_1_Kasatiki/multiplayer/lobby/lobby.go:28.24,35.2 2 0
github.com/go-park-mail-ru/2019_1_Kasatiki/multiplayer/lobby/lobby.go:38.72,40.54 1 0
github.com/go-park-mail-ru/2019_1_Kasatiki/multiplayer/lobby/lobby.go:58.2,58.8 1 0
github.com/go-park-mail-ru/2019_1_Kasatiki/multiplayer/lobby/lobby.go:40.54,41.10 1 0
github.com/go-park-mail-ru/2019_1_Kasatiki/multiplayer/lobby/lobby.go:43.39,44.10 1 0
github.com/go-park-mail-ru/2019_1_Kasatiki/multiplayer/lobby/lobby.go:50.44,51.10 1 0
github.com/go-park-mail-ru/2019_1_Kasatiki/multiplayer/lobby/lobby.go:44.10,46.5 1 0
github.com/go-park-mail-ru/2019_1_Kasatiki/multiplayer/lobby/lobby.go:46.10,48.5 1 0
github.com/go-park-mail-ru/2019_1_Kasatiki/multiplayer/lobby/lobby.go:51.10,53.5 1 0
github.com/go-park-mail-ru/2019_1_Kasatiki/multiplayer/lobby/lobby.go:53.10,55.5 1 0
github.com/go-park-mail-ru/2019_1_Kasatiki/multiplayer/lobby/lobby.go:67.68,70.8 2 0
github.com/go-park-mail-ru/2019_1_Kasatiki/multiplayer/lobby/lobby.go:78.2,78.42 1 0
github.com/go-park-mail-ru/2019_1_Kasatiki/multiplayer/lobby/lobby.go:85.2,85.33 1 0
github.com/go-park-mail-ru/2019_1_Kasatiki/multiplayer/lobby/lobby.go:96.2,105.8 4 0
github.com/go-park-mail-ru/2019_1_Kasatiki/multiplayer/lobby/lobby.go:70.8,75.3 3 0
github.com/go-park-mail-ru/2019_1_Kasatiki/multiplayer/lobby/lobby.go:78.42,82.3 2 0
github.com/go-park-mail-ru/2019_1_Kasatiki/multiplayer/lobby/lobby.go:85.33,90.3 3 0
github.com/go-park-mail-ru/2019_1_Kasatiki/multiplayer/lobby/lobby.go:111.108,128.2 7 0
github.com/go-park-mail-ru/2019_1_Kasatiki/multiplayer/lobby/lobby.go:131.49,134.9 2 0
github.com/go-park-mail-ru/2019_1_Kasatiki/multiplayer/lobby/lobby.go:138.2,138.33 1 0
github.com/go-park-mail-ru/2019_1_Kasatiki/multiplayer/lobby/lobby.go:141.2,143.8 3 0
github.com/go-park-mail-ru/2019_1_Kasatiki/multiplayer/lobby/lobby.go:134.9,137.3 2 0
github.com/go-park-mail-ru/2019_1_Kasatiki/multiplayer/lobby/lobby.go:138.33,140.3 1 0
github.com/go-park-mail-ru/2019_1_Kasatiki/pkg/chat/client.go:40.42,42.3 1 0
github.com/go-park-mail-ru/2019_1_Kasatiki/pkg/chat/client.go:63.29,64.15 1 0
github.com/go-park-mail-ru/2019_1_Kasatiki/pkg/chat/client.go:68.2,70.43 3 0
github.com/go-park-mail-ru/2019_1_Kasatiki/pkg/chat/client.go:71.2,71.6 1 0
github.com/go-park-mail-ru/2019_1_Kasatiki/pkg/chat/client.go:64.15,67.3 2 0
github.com/go-park-mail-ru/2019_1_Kasatiki/pkg/chat/client.go:70.43,70.107 2 0
github.com/go-park-mail-ru/2019_1_Kasatiki/pkg/chat/client.go:71.6,73.17 2 0
github.com/go-park-mail-ru/2019_1_Kasatiki/pkg/chat/client.go:80.3,89.17 10 0
github.com/go-park-mail-ru/2019_1_Kasatiki/pkg/chat/client.go:92.3,92.25 1 0
github.com/go-park-mail-ru/2019_1_Kasatiki/pkg/chat/client.go:73.17,74.103 1 0
github.com/go-park-mail-ru/2019_1_Kasatiki/pkg/chat/client.go:77.4,77.9 1 0
github.com/go-park-mail-ru/2019_1_Kasatiki/pkg/chat/client.go:74.103,76.5 1 0
github.com/go-park-mail-ru/2019_1_Kasatiki/pkg/chat/client.go:89.17,91.4 1 0
github.com/go-park-mail-ru/2019_1_Kasatiki/pkg/chat/client.go:101.30,103.15 2 0
github.com/go-park-mail-ru/2019_1_Kasatiki/pkg/chat/client.go:107.2,107.6 1 0
github.com/go-park-mail-ru/2019_1_Kasatiki/pkg/chat/client.go:103.15,106.3 2 0
github.com/go-park-mail-ru/2019_1_Kasatiki/pkg/chat/client.go:107.6,108.10 1 0
github.com/go-park-mail-ru/2019_1_Kasatiki/pkg/chat/client.go:109.32,111.11 2 0
github.com/go-park-mail-ru/2019_1_Kasatiki/pkg/chat/client.go:117.4,118.18 2 0
github.com/go-park-mail-ru/2019_1_Kasatiki/pkg/chat/client.go:123.4,128.27 3 0
github.com/go-park-mail-ru/2019_1_Kasatiki/pkg/chat/client.go:134.4,134.36 1 0
github.com/go-park-mail-ru/2019_1_Kasatiki/pkg/chat/client.go:137.19,139.74 2 0
github.com/go-park-mail-ru/2019_1_Kasatiki/pkg/chat/client.go:111.11,115.5 2 0
github.com/go-park-mail-ru/2019_1_Kasatiki/pkg/chat/client.go:118.18,120.5 1 0
github.com/go-park-mail-ru/2019_1_Kasatiki/pkg/chat/client.go:128.27,132.5 2 0
github.com/go-park-mail-ru/2019_1_Kasatiki/pkg/chat/client.go:134.36,136.5 1 0
github.com/go-park-mail-ru/2019_1_Kasatiki/pkg/chat/client.go:139.74,141.5 1 0
github.com/go-park-mail-ru/2019_1_Kasatiki/pkg/chat/client.go:147.64,149.16 2 0
github.com/go-park-mail-ru/2019_1_Kasatiki/pkg/chat/client.go:153.2,156.16 4 0
github.com/go-park-mail-ru/2019_1_Kasatiki/pkg/chat/client.go:163.2,164.16 2 0
github.com/go-park-mail-ru/2019_1_Kasatiki/pkg/chat/client.go:171.2,176.22 6 0
github.com/go-park-mail-ru/2019_1_Kasatiki/pkg/chat/client.go:149.16,152.3 2 0
github.com/go-park-mail-ru/2019_1_Kasatiki/pkg/chat/client.go:156.16,162.3 5 0
github.com/go-park-mail-ru/2019_1_Kasatiki/pkg/chat/client.go:164.16,170.3 5 0
github.com/go-park-mail-ru/2019_1_Kasatiki/pkg/middleware/auth.go:11.60,12.84 1 0
github.com/go-park-mail-ru/2019_1_Kasatiki/pkg/middleware/auth.go:19.2,19.16 1 0
github.com/go-park-mail-ru/2019_1_Kasatiki/pkg/middleware/auth.go:22.2,24.20 2 0
github.com/go-park-mail-ru/2019_1_Kasatiki/pkg/middleware/auth.go:12.84,13.58 1 0
github.com/go-park-mail-ru/2019_1_Kasatiki/pkg/middleware/auth.go:16.3,17.24 2 0
github.com/go-park-mail-ru/2019_1_Kasatiki/pkg/middleware/auth.go:13.58,15.4 1 0
github.com/go-park-mail-ru/2019_1_Kasatiki/pkg/middleware/auth.go:19.16,21.3 1 0
github.com/go-park-mail-ru/2019_1_Kasatiki/pkg/middleware/auth.go:27.90,28.30 1 0
github.com/go-park-mail-ru/2019_1_Kasatiki/pkg/middleware/auth.go:28.30,31.17 2 0
github.com/go-park-mail-ru/2019_1_Kasatiki/pkg/middleware/auth.go:36.3,37.17 2 0
github.com/go-park-mail-ru/2019_1_Kasatiki/pkg/middleware/auth.go:42.3,44.17 3 0
github.com/go-park-mail-ru/2019_1_Kasatiki/pkg/middleware/auth.go:31.17,35.4 3 0
github.com/go-park-mail-ru/2019_1_Kasatiki/pkg/middleware/auth.go:37.17,41.4 3 0
github.com/go-park-mail-ru/2019_1_Kasatiki/pkg/app/server/routers.go:19.49,24.47 5 0
github.com/go-park-mail-ru/2019_1_Kasatiki/pkg/app/server/routers.go:30.2,31.16 2 0
github.com/go-park-mail-ru/2019_1_Kasatiki/pkg/app/server/routers.go:39.2,47.16 7 0
github.com/go-park-mail-ru/2019_1_Kasatiki/pkg/app/server/routers.go:53.2,55.15 3 0
github.com/go-park-mail-ru/2019_1_Kasatiki/pkg/app/server/routers.go:24.47,29.3 4 0
github.com/go-park-mail-ru/2019_1_Kasatiki/pkg/app/server/routers.go:31.16,34.40 3 0
github.com/go-park-mail-ru/2019_1_Kasatiki/pkg/app/server/routers.go:34.40,37.4 2 0
github.com/go-park-mail-ru/2019_1_Kasatiki/pkg/app/server/routers.go:47.16,52.3 4 0
github.com/go-park-mail-ru/2019_1_Kasatiki/pkg/app/server/routers.go:58.53,63.16 5 0
github.com/go-park-mail-ru/2019_1_Kasatiki/pkg/app/server/routers.go:69.2,71.15 3 0
github.com/go-park-mail-ru/2019_1_Kasatiki/pkg/app/server/routers.go:63.16,68.3 4 0
github.com/go-park-mail-ru/2019_1_Kasatiki/pkg/app/server/routers.go:71.15,72.36 1 0
github.com/go-park-mail-ru/2019_1_Kasatiki/pkg/app/server/routers.go:78.3,78.21 1 0
github.com/go-park-mail-ru/2019_1_Kasatiki/pkg/app/server/routers.go:72.36,77.4 4 0
github.com/go-park-mail-ru/2019_1_Kasatiki/pkg/app/server/routers.go:82.53,90.2 4 0
github.com/go-park-mail-ru/2019_1_Kasatiki/pkg/app/server/routers.go:92.45,95.16 3 0
github.com/go-park-mail-ru/2019_1_Kasatiki/pkg/app/server/routers.go:101.2,101.19 1 0
github.com/go-park-mail-ru/2019_1_Kasatiki/pkg/app/server/routers.go:95.16,100.3 4 0
github.com/go-park-mail-ru/2019_1_Kasatiki/pkg/app/server/routers.go:104.47,110.16 6 0
github.com/go-park-mail-ru/2019_1_Kasatiki/pkg/app/server/routers.go:116.2,118.16 3 0
github.com/go-park-mail-ru/2019_1_Kasatiki/pkg/app/server/routers.go:133.2,133.15 1 0
github.com/go-park-mail-ru/2019_1_Kasatiki/pkg/app/server/routers.go:110.16,115.3 4 0
github.com/go-park-mail-ru/2019_1_Kasatiki/pkg/app/server/routers.go:118.16,122.40 4 0
github.com/go-park-mail-ru/2019_1_Kasatiki/pkg/app/server/routers.go:126.3,126.37 1 0
github.com/go-park-mail-ru/2019_1_Kasatiki/pkg/app/server/routers.go:130.3,131.9 2 0
github.com/go-park-mail-ru/2019_1_Kasatiki/pkg/app/server/routers.go:122.40,125.4 2 0
github.com/go-park-mail-ru/2019_1_Kasatiki/pkg/app/server/routers.go:126.37,129.4 2 0
github.com/go-park-mail-ru/2019_1_Kasatiki/pkg/app/server/routers.go:136.44,141.16 5 0
github.com/go-park-mail-ru/2019_1_Kasatiki/pkg/app/server/routers.go:147.2,148.16 2 0
github.com/go-park-mail-ru/2019_1_Kasatiki/pkg/app/server/routers.go:154.2,156.15 3 0
github.com/go-park-mail-ru/2019_1_Kasatiki/pkg/app/server/routers.go:141.16,146.3 4 0
github.com/go-park-mail-ru/2019_1_Kasatiki/pkg/app/server/routers.go:148.16,153.3 4 0
github.com/go-park-mail-ru/2019_1_Kasatiki/pkg/app/server/routers.go:159.45,161.16 2 0
github.com/go-park-mail-ru/2019_1_Kasatiki/pkg/app/server/routers.go:167.2,168.16 2 0
github.com/go-park-mail-ru/2019_1_Kasatiki/pkg/app/server/routers.go:174.2,178.16 5 0
github.com/go-park-mail-ru/2019_1_Kasatiki/pkg/app/server/routers.go:184.2,186.16 3 0
github.com/go-park-mail-ru/2019_1_Kasatiki/pkg/app/server/routers.go:192.2,194.18 3 0
github.com/go-park-mail-ru/2019_1_Kasatiki/pkg/app/server/routers.go:161.16,166.3 4 0
github.com/go-park-mail-ru/2019_1_Kasatiki/pkg/app/server/routers.go:168.16,173.3 4 0
github.com/go-park-mail-ru/2019_1_Kasatiki/pkg/app/server/routers.go:178.16,183.3 4 0
github.com/go-park-mail-ru/2019_1_Kasatiki/pkg/app/server/routers.go:186.16,191.3 4 0
github.com/go-park-mail-ru/2019_1_Kasatiki/pkg/app/server/routers.go:197.45,200.2 2 0
github.com/go-park-mail-ru/2019_1_Kasatiki/pkg/app/server/routers.go:202.45,208.16 6 0
github.com/go-park-mail-ru/2019_1_Kasatiki/pkg/app/server/routers.go:213.2,215.16 3 0
github.com/go-park-mail-ru/2019_1_Kasatiki/pkg/app/server/routers.go:219.2,219.15 1 0
github.com/go-park-mail-ru/2019_1_Kasatiki/pkg/app/server/routers.go:208.16,211.3 2 0
github.com/go-park-mail-ru/2019_1_Kasatiki/pkg/app/server/routers.go:215.16,218.3 2 0
github.com/go-park-mail-ru/2019_1_Kasatiki/multiplayer/game_logic/map.go:9.50,18.2 4 0
github.com/go-park-mail-ru/2019_1_Kasatiki/multiplayer/game_logic/map.go:21.27,121.28 19 0
github.com/go-park-mail-ru/2019_1_Kasatiki/multiplayer/game_logic/map.go:124.2,124.34 1 0
github.com/go-park-mail-ru/2019_1_Kasatiki/multiplayer/game_logic/map.go:135.2,135.31 1 0
github.com/go-park-mail-ru/2019_1_Kasatiki/multiplayer/game_logic/map.go:153.2,156.11 3 0
github.com/go-park-mail-ru/2019_1_Kasatiki/multiplayer/game_logic/map.go:121.28,123.3 1 0
github.com/go-park-mail-ru/2019_1_Kasatiki/multiplayer/game_logic/map.go:124.34,125.35 1 0
github.com/go-park-mail-ru/2019_1_Kasatiki/multiplayer/game_logic/map.go:125.35,127.35 2 0
github.com/go-park-mail-ru/2019_1_Kasatiki/multiplayer/game_logic/map.go:127.35,128.36 1 0
github.com/go-park-mail-ru/2019_1_Kasatiki/multiplayer/game_logic/map.go:128.36,130.6 1 0
github.com/go-park-mail-ru/2019_1_Kasatiki/multiplayer/game_logic/map.go:135.31,136.32 1 0
github.com/go-park-mail-ru/2019_1_Kasatiki/multiplayer/game_logic/map.go:136.32,138.60 1 0
github.com/go-park-mail-ru/2019_1_Kasatiki/multiplayer/game_logic/map.go:138.60,140.5 1 0
github.com/go-park-mail-ru/2019_1_Kasatiki/multiplayer/game_logic/player.go:21.56,31.2 4 0
github.com/go-park-mail-ru/2019_1_Kasatiki/multiplayer/game_logic/player.go:33.40,43.2 2 0
github.com/go-park-mail-ru/2019_1_Kasatiki/multiplayer/game_logic/player.go:46.45,48.2 1 0
github.com/go-park-mail-ru/2019_1_Kasatiki/multiplayer/game_logic/player.go:50.38,58.2 1 0
github.com/go-park-mail-ru/2019_1_Kasatiki/multiplayer/game_logic/player.go:61.48,63.2 1 0
github.com/go-park-mail-ru/2019_1_Kasatiki/multiplayer/game_logic/player.go:66.26,68.2 0 0
github.com/go-park-mail-ru/2019_1_Kasatiki/multiplayer/game_logic/player.go:70.41,72.2 1 0
github.com/go-park-mail-ru/2019_1_Kasatiki/multiplayer/game_logic/player.go:74.47,76.2 1 0
github.com/go-park-mail-ru/2019_1_Kasatiki/multiplayer/mapGeneration.go:17.26,110.34 20 0
github.com/go-park-mail-ru/2019_1_Kasatiki/multiplayer/mapGeneration.go:128.2,131.10 3 0
github.com/go-park-mail-ru/2019_1_Kasatiki/multiplayer/mapGeneration.go:110.34,111.35 1 0
github.com/go-park-mail-ru/2019_1_Kasatiki/multiplayer/mapGeneration.go:111.35,113.39 2 0
github.com/go-park-mail-ru/2019_1_Kasatiki/multiplayer/mapGeneration.go:113.39,115.5 1 0
github.com/go-park-mail-ru/2019_1_Kasatiki/pkg/middleware/cors.go:5.61,11.2 5 0
github.com/go-park-mail-ru/2019_1_Kasatiki/pkg/app/server/app.go:26.41,37.2 7 0
github.com/go-park-mail-ru/2019_1_Kasatiki/pkg/app/server/app.go:37.2,52.39 9 0
github.com/go-park-mail-ru/2019_1_Kasatiki/pkg/app/server/app.go:55.3,55.55 1 0
github.com/go-park-mail-ru/2019_1_Kasatiki/pkg/app/server/app.go:52.39,54.4 1 0
github.com/go-park-mail-ru/2019_1_Kasatiki/pkg/app/server/app.go:55.55,57.4 1 0
github.com/go-park-mail-ru/2019_1_Kasatiki/pkg/app/server/app.go:67.39,69.2 1 0
github.com/go-park-mail-ru/2019_1_Kasatiki/pkg/app/server/app.go:71.46,82.16 4 0
github.com/go-park-mail-ru/2019_1_Kasatiki/pkg/app/server/app.go:85.2,93.12 8 0
github.com/go-park-mail-ru/2019_1_Kasatiki/pkg/app/server/app.go:82.16,84.3 1 0
github.com/go-park-mail-ru/2019_1_Kasatiki/pkg/app/server/app.go:96.35,102.2 5 0
github.com/go-park-mail-ru/2019_1_Kasatiki/cmd/server/main.go:7.13,11.2 3 0
github.com/go-park-mail-ru/2019_1_Kasatiki/multiplayer/main.go:10.13,24.2 9 0
github.com/go-park-mail-ru/2019_1_Kasatiki/multiplayer/websocket_testing_page.go:7.40,159.2 5 0
github.com/go-park-mail-ru/2019_1_Kasatiki/pkg/chat/hub.go:32.20,42.16 3 0
github.com/go-park-mail-ru/2019_1_Kasatiki/pkg/chat/hub.go:46.2,52.3 1 0
github.com/go-park-mail-ru/2019_1_Kasatiki/pkg/chat/hub.go:42.16,44.3 1 0
github.com/go-park-mail-ru/2019_1_Kasatiki/pkg/chat/hub.go:55.21,57.16 2 0
github.com/go-park-mail-ru/2019_1_Kasatiki/pkg/chat/hub.go:61.2,61.6 1 0
github.com/go-park-mail-ru/2019_1_Kasatiki/pkg/chat/hub.go:57.16,60.3 2 0
github.com/go-park-mail-ru/2019_1_Kasatiki/pkg/chat/hub.go:61.6,62.10 1 0
github.com/go-park-mail-ru/2019_1_Kasatiki/pkg/chat/hub.go:63.31,64.28 1 0
github.com/go-park-mail-ru/2019_1_Kasatiki/pkg/chat/hub.go:65.33,66.38 1 0
github.com/go-park-mail-ru/2019_1_Kasatiki/pkg/chat/hub.go:70.33,71.34 1 0
github.com/go-park-mail-ru/2019_1_Kasatiki/pkg/chat/hub.go:66.38,69.5 2 0
github.com/go-park-mail-ru/2019_1_Kasatiki/pkg/chat/hub.go:71.34,72.12 1 0
github.com/go-park-mail-ru/2019_1_Kasatiki/pkg/chat/hub.go:73.33,73.33 0 0
github.com/go-park-mail-ru/2019_1_Kasatiki/pkg/chat/hub.go:74.13,76.31 2 0
github.com/go-park-mail-ru/2019_1_Kasatiki/pkg/middleware/auth.go:11.60,12.84 1 1
github.com/go-park-mail-ru/2019_1_Kasatiki/pkg/middleware/auth.go:19.2,19.16 1 1
github.com/go-park-mail-ru/2019_1_Kasatiki/pkg/middleware/auth.go:22.2,24.20 2 1
github.com/go-park-mail-ru/2019_1_Kasatiki/pkg/middleware/auth.go:12.84,13.58 1 1
github.com/go-park-mail-ru/2019_1_Kasatiki/pkg/middleware/auth.go:16.3,17.24 2 1
github.com/go-park-mail-ru/2019_1_Kasatiki/pkg/middleware/auth.go:13.58,15.4 1 0
github.com/go-park-mail-ru/2019_1_Kasatiki/pkg/middleware/auth.go:19.16,21.3 1 1
github.com/go-park-mail-ru/2019_1_Kasatiki/pkg/middleware/auth.go:27.90,28.30 1 1
github.com/go-park-mail-ru/2019_1_Kasatiki/pkg/middleware/auth.go:28.30,31.17 2 1
github.com/go-park-mail-ru/2019_1_Kasatiki/pkg/middleware/auth.go:36.3,37.17 2 1
github.com/go-park-mail-ru/2019_1_Kasatiki/pkg/middleware/auth.go:42.3,44.17 3 1
github.com/go-park-mail-ru/2019_1_Kasatiki/pkg/middleware/auth.go:31.17,35.4 3 1
github.com/go-park-mail-ru/2019_1_Kasatiki/pkg/middleware/auth.go:37.17,41.4 3 1
github.com/go-park-mail-ru/2019_1_Kasatiki/multiplayer/game_logic/player.go:21.56,31.2 4 0
github.com/go-park-mail-ru/2019_1_Kasatiki/multiplayer/game_logic/player.go:33.40,43.2 2 0
github.com/go-park-mail-ru/2019_1_Kasatiki/multiplayer/game_logic/player.go:46.45,48.2 1 0
github.com/go-park-mail-ru/2019_1_Kasatiki/multiplayer/game_logic/player.go:50.38,58.2 1 0
github.com/go-park-mail-ru/2019_1_Kasatiki/multiplayer/game_logic/player.go:61.48,63.2 1 0
github.com/go-park-mail-ru/2019_1_Kasatiki/multiplayer/game_logic/player.go:66.26,68.2 0 0
github.com/go-park-mail-ru/2019_1_Kasatiki/multiplayer/game_logic/player.go:70.41,72.2 1 0
github.com/go-park-mail-ru/2019_1_Kasatiki/multiplayer/game_logic/player.go:74.47,76.2 1 0
github.com/go-park-mail-ru/2019_1_Kasatiki/multiplayer/mapGeneration.go:17.26,110.34 20 0
github.com/go-park-mail-ru/2019_1_Kasatiki/multiplayer/mapGeneration.go:128.2,131.10 3 0
github.com/go-park-mail-ru/2019_1_Kasatiki/multiplayer/mapGeneration.go:110.34,111.35 1 0
github.com/go-park-mail-ru/2019_1_Kasatiki/multiplayer/mapGeneration.go:111.35,113.39 2 0
github.com/go-park-mail-ru/2019_1_Kasatiki/multiplayer/mapGeneration.go:113.39,115.5 1 0
github.com/go-park-mail-ru/2019_1_Kasatiki/pkg/middleware/recovery.go:7.55,8.15 1 0
github.com/go-park-mail-ru/2019_1_Kasatiki/pkg/middleware/recovery.go:16.2,16.10 1 0
github.com/go-park-mail-ru/2019_1_Kasatiki/pkg/middleware/recovery.go:8.15,9.35 1 0
github.com/go-park-mail-ru/2019_1_Kasatiki/pkg/middleware/recovery.go:9.35,10.30 1 0
github.com/go-park-mail-ru/2019_1_Kasatiki/pkg/middleware/recovery.go:10.30,13.5 2 0
github.com/go-park-mail-ru/2019_1_Kasatiki/multiplayer/game_logic/constructors.go:10.85,18.45 8 0
github.com/go-park-mail-ru/2019_1_Kasatiki/multiplayer/game_logic/constructors.go:27.2,27.19 1 0
github.com/go-park-mail-ru/2019_1_Kasatiki/multiplayer/game_logic/constructors.go:18.45,26.3 7 0
github.com/go-park-mail-ru/2019_1_Kasatiki/multiplayer/game_logic/constructors.go:51.115,54.32 3 0
github.com/go-park-mail-ru/2019_1_Kasatiki/multiplayer/game_logic/constructors.go:63.2,63.8 1 0
github.com/go-park-mail-ru/2019_1_Kasatiki/multiplayer/game_logic/constructors.go:54.32,62.3 4 0
github.com/go-park-mail-ru/2019_1_Kasatiki/multiplayer/game_logic/constructors.go:67.32,69.2 1 0
github.com/go-park-mail-ru/2019_1_Kasatiki/multiplayer/game_logic/constructors.go:71.41,73.2 1 0
github.com/go-park-mail-ru/2019_1_Kasatiki/multiplayer/lobby/room/room.go:15.34,17.2 1 0
github.com/go-park-mail-ru/2019_1_Kasatiki/multiplayer/lobby/room/room.go:21.36,23.2 1 0
github.com/go-park-mail-ru/2019_1_Kasatiki/multiplayer/lobby/room/room.go:51.112,65.28 7 0
github.com/go-park-mail-ru/2019_1_Kasatiki/multiplayer/lobby/room/room.go:75.2,91.28 3 0
github.com/go-park-mail-ru/2019_1_Kasatiki/multiplayer/lobby/room/room.go:94.2,94.8 1 0
github.com/go-park-mail-ru/2019_1_Kasatiki/multiplayer/lobby/room/room.go:65.28,73.3 7 0
github.com/go-park-mail-ru/2019_1_Kasatiki/multiplayer/lobby/room/room.go:91.28,93.3 1 0
github.com/go-park-mail-ru/2019_1_Kasatiki/multiplayer/lobby/room/room.go:98.27,99.30 1 0
github.com/go-park-mail-ru/2019_1_Kasatiki/multiplayer/lobby/room/room.go:104.2,104.8 1 0
github.com/go-park-mail-ru/2019_1_Kasatiki/multiplayer/lobby/room/room.go:99.30,103.3 3 0
github.com/go-park-mail-ru/2019_1_Kasatiki/multiplayer/lobby/room/room.go:108.29,111.2 2 0
github.com/go-park-mail-ru/2019_1_Kasatiki/multiplayer/lobby/room/room.go:114.60,117.30 2 0
github.com/go-park-mail-ru/2019_1_Kasatiki/multiplayer/lobby/room/room.go:132.2,132.8 1 0
github.com/go-park-mail-ru/2019_1_Kasatiki/multiplayer/lobby/room/room.go:117.30,118.15 1 0
github.com/go-park-mail-ru/2019_1_Kasatiki/multiplayer/lobby/room/room.go:121.3,122.10 2 0
github.com/go-park-mail-ru/2019_1_Kasatiki/multiplayer/lobby/room/room.go:126.3,126.10 1 0
github.com/go-park-mail-ru/2019_1_Kasatiki/multiplayer/lobby/room/room.go:118.15,120.4 1 0
github.com/go-park-mail-ru/2019_1_Kasatiki/multiplayer/lobby/room/room.go:123.65,123.65 0 0
github.com/go-park-mail-ru/2019_1_Kasatiki/multiplayer/lobby/room/room.go:124.11,124.11 0 0
github.com/go-park-mail-ru/2019_1_Kasatiki/multiplayer/lobby/room/room.go:127.66,127.66 0 0
github.com/go-park-mail-ru/2019_1_Kasatiki/multiplayer/lobby/room/room.go:128.11,128.11 0 0
github.com/go-park-mail-ru/2019_1_Kasatiki/multiplayer/lobby/room/room.go:136.49,137.6 1 0
github.com/go-park-mail-ru/2019_1_Kasatiki/multiplayer/lobby/room/room.go:153.2,154.8 2 0
github.com/go-park-mail-ru/2019_1_Kasatiki/multiplayer/lobby/room/room.go:137.6,140.17 3 0
github.com/go-park-mail-ru/2019_1_Kasatiki/multiplayer/lobby/room/room.go:140.17,143.18 3 0
github.com/go-park-mail-ru/2019_1_Kasatiki/multiplayer/lobby/room/room.go:143.18,145.10 2 0
github.com/go-park-mail-ru/2019_1_Kasatiki/multiplayer/lobby/room/room.go:147.9,151.4 3 0
github.com/go-park-mail-ru/2019_1_Kasatiki/multiplayer/lobby/room/room.go:158.49,159.30 1 0
github.com/go-park-mail-ru/2019_1_Kasatiki/multiplayer/lobby/room/room.go:182.2,183.8 2 0
github.com/go-park-mail-ru/2019_1_Kasatiki/multiplayer/lobby/room/room.go:159.30,160.26 1 0
github.com/go-park-mail-ru/2019_1_Kasatiki/multiplayer/lobby/room/room.go:160.26,162.8 1 0
github.com/go-park-mail-ru/2019_1_Kasatiki/multiplayer/lobby/room/room.go:179.4,179.45 1 0
github.com/go-park-mail-ru/2019_1_Kasatiki/multiplayer/lobby/room/room.go:162.8,163.12 1 0
github.com/go-park-mail-ru/2019_1_Kasatiki/multiplayer/lobby/room/room.go:164.54,165.35 1 0
github.com/go-park-mail-ru/2019_1_Kasatiki/multiplayer/lobby/room/room.go:165.35,166.31 1 0
github.com/go-park-mail-ru/2019_1_Kasatiki/multiplayer/lobby/room/room.go:166.31,168.22 2 0
github.com/go-park-mail-ru/2019_1_Kasatiki/multiplayer/lobby/room/room.go:168.22,170.23 2 0
github.com/go-park-mail-ru/2019_1_Kasatiki/multiplayer/lobby/room/room.go:170.23,171.26 1 0
github.com/go-park-mail-ru/2019_1_Kasatiki/pkg/chat/main.go:16.56,18.23 2 0
github.com/go-park-mail-ru/2019_1_Kasatiki/pkg/chat/main.go:22.2,22.23 1 0
github.com/go-park-mail-ru/2019_1_Kasatiki/pkg/chat/main.go:26.2,26.35 1 0
github.com/go-park-mail-ru/2019_1_Kasatiki/pkg/chat/main.go:18.23,21.3 2 0
github.com/go-park-mail-ru/2019_1_Kasatiki/pkg/chat/main.go:22.23,25.3 2 0
github.com/go-park-mail-ru/2019_1_Kasatiki/pkg/chat/main.go:29.13,35.70 4 0
github.com/go-park-mail-ru/2019_1_Kasatiki/pkg/chat/main.go:38.2,39.16 2 0
github.com/go-park-mail-ru/2019_1_Kasatiki/pkg/chat/main.go:35.70,37.3 1 0
github.com/go-park-mail-ru/2019_1_Kasatiki/pkg/chat/main.go:39.16,41.3 1 0
github.com/go-park-mail-ru/2019_1_Kasatiki/pkg/dbhandler/db.go:11.28,14.19 3 0
github.com/go-park-mail-ru/2019_1_Kasatiki/pkg/dbhandler/db.go:17.2,17.18 1 0
github.com/go-park-mail-ru/2019_1_Kasatiki/pkg/dbhandler/db.go:14.19,16.3 1 0
github.com/go-park-mail-ru/2019_1_Kasatiki/pkg/dbhandler/db.go:24.50,28.27 4 0
github.com/go-park-mail-ru/2019_1_Kasatiki/pkg/dbhandler/db.go:28.27,34.3 5 0
github.com/go-park-mail-ru/2019_1_Kasatiki/pkg/dbhandler/db.go:37.49,41.27 2 0
github.com/go-park-mail-ru/2019_1_Kasatiki/pkg/dbhandler/db.go:41.27,47.3 5 0
github.com/go-park-mail-ru/2019_1_Kasatiki/pkg/dbhandler/db.go:50.55,70.2 4 0
github.com/go-park-mail-ru/2019_1_Kasatiki/pkg/dbhandler/db.go:72.61,87.2 4 0
github.com/go-park-mail-ru/2019_1_Kasatiki/pkg/dbhandler/db.go:89.74,95.2 3 0
github.com/go-park-mail-ru/2019_1_Kasatiki/pkg/dbhandler/db.go:97.86,105.2 3 0
github.com/go-park-mail-ru/2019_1_Kasatiki/pkg/dbhandler/db.go:107.81,114.2 3 0
github.com/go-park-mail-ru/2019_1_Kasatiki/pkg/dbhandler/db.go:116.80,123.2 3 0
github.com/go-park-mail-ru/2019_1_Kasatiki/pkg/dbhandler/db.go:125.127,132.18 5 0
github.com/go-park-mail-ru/2019_1_Kasatiki/pkg/dbhandler/db.go:140.2,140.19 1 0
github.com/go-park-mail-ru/2019_1_Kasatiki/pkg/dbhandler/db.go:132.18,136.17 4 0
github.com/go-park-mail-ru/2019_1_Kasatiki/pkg/dbhandler/db.go:136.17,138.4 1 0
github.com/go-park-mail-ru/2019_1_Kasatiki/pkg/dbhandler/db.go:143.106,150.2 3 0
github.com/go-park-mail-ru/2019_1_Kasatiki/pkg/dbhandler/db.go:152.70,159.2 3 0
github.com/go-park-mail-ru/2019_1_Kasatiki/pkg/app/server/routers.go:19.49,24.47 5 0
github.com/go-park-mail-ru/2019_1_Kasatiki/pkg/app/server/routers.go:30.2,31.16 2 0
github.com/go-park-mail-ru/2019_1_Kasatiki/pkg/app/server/routers.go:39.2,47.16 7 0
github.com/go-park-mail-ru/2019_1_Kasatiki/pkg/app/server/routers.go:53.2,55.15 3 0
github.com/go-park-mail-ru/2019_1_Kasatiki/pkg/app/server/routers.go:24.47,29.3 4 0
github.com/go-park-mail-ru/2019_1_Kasatiki/pkg/app/server/routers.go:31.16,34.40 3 0
github.com/go-park-mail-ru/2019_1_Kasatiki/pkg/app/server/routers.go:34.40,37.4 2 0
github.com/go-park-mail-ru/2019_1_Kasatiki/pkg/app/server/routers.go:47.16,52.3 4 0
github.com/go-park-mail-ru/2019_1_Kasatiki/pkg/app/server/routers.go:58.53,63.16 5 0
github.com/go-park-mail-ru/2019_1_Kasatiki/pkg/app/server/routers.go:69.2,71.15 3 0
github.com/go-park-mail-ru/2019_1_Kasatiki/pkg/app/server/routers.go:63.16,68.3 4 0
github.com/go-park-mail-ru/2019_1_Kasatiki/pkg/app/server/routers.go:71.15,72.36 1 0
github.com/go-park-mail-ru/2019_1_Kasatiki/pkg/app/server/routers.go:78.3,78.21 1 0
github.com/go-park-mail-ru/2019_1_Kasatiki/pkg/app/server/routers.go:72.36,77.4 4 0
github.com/go-park-mail-ru/2019_1_Kasatiki/pkg/app/server/routers.go:82.53,90.2 4 0
github.com/go-park-mail-ru/2019_1_Kasatiki/pkg/app/server/routers.go:92.45,95.16 3 0
github.com/go-park-mail-ru/2019_1_Kasatiki/pkg/app/server/routers.go:101.2,101.19 1 0
github.com/go-park-mail-ru/2019_1_Kasatiki/pkg/app/server/routers.go:95.16,100.3 4 0
github.com/go-park-mail-ru/2019_1_Kasatiki/pkg/app/server/routers.go:104.47,110.16 6 0
github.com/go-park-mail-ru/2019_1_Kasatiki/pkg/app/server/routers.go:116.2,118.16 3 0
github.com/go-park-mail-ru/2019_1_Kasatiki/pkg/app/server/routers.go:133.2,133.15 1 0
github.com/go-park-mail-ru/2019_1_Kasatiki/pkg/app/server/routers.go:110.16,115.3 4 0
github.com/go-park-mail-ru/2019_1_Kasatiki/pkg/app/server/routers.go:118.16,122.40 4 0
github.com/go-park-mail-ru/2019_1_Kasatiki/pkg/app/server/routers.go:126.3,126.37 1 0
github.com/go-park-mail-ru/2019_1_Kasatiki/pkg/app/server/routers.go:130.3,131.9 2 0
github.com/go-park-mail-ru/2019_1_Kasatiki/pkg/app/server/routers.go:122.40,125.4 2 0
github.com/go-park-mail-ru/2019_1_Kasatiki/pkg/app/server/routers.go:126.37,129.4 2 0
github.com/go-park-mail-ru/2019_1_Kasatiki/pkg/app/server/routers.go:136.44,141.16 5 0
github.com/go-park-mail-ru/2019_1_Kasatiki/pkg/app/server/routers.go:147.2,148.16 2 0
github.com/go-park-mail-ru/2019_1_Kasatiki/pkg/app/server/routers.go:154.2,156.15 3 0
github.com/go-park-mail-ru/2019_1_Kasatiki/pkg/app/server/routers.go:141.16,146.3 4 0
github.com/go-park-mail-ru/2019_1_Kasatiki/pkg/app/server/routers.go:148.16,153.3 4 0
github.com/go-park-mail-ru/2019_1_Kasatiki/pkg/app/server/routers.go:159.45,161.16 2 0
github.com/go-park-mail-ru/2019_1_Kasatiki/pkg/app/server/routers.go:167.2,168.16 2 0
github.com/go-park-mail-ru/2019_1_Kasatiki/pkg/app/server/routers.go:174.2,178.16 5 0
github.com/go-park-mail-ru/2019_1_Kasatiki/pkg/app/server/routers.go:184.2,186.16 3 0
github.com/go-park-mail-ru/2019_1_Kasatiki/pkg/app/server/routers.go:192.2,194.18 3 0
github.com/go-park-mail-ru/2019_1_Kasatiki/pkg/app/server/routers.go:161.16,166.3 4 0
github.com/go-park-mail-ru/2019_1_Kasatiki/pkg/app/server/routers.go:168.16,173.3 4 0
github.com/go-park-mail-ru/2019_1_Kasatiki/pkg/app/server/routers.go:178.16,183.3 4 0
github.com/go-park-mail-ru/2019_1_Kasatiki/pkg/app/server/routers.go:186.16,191.3 4 0
github.com/go-park-mail-ru/2019_1_Kasatiki/pkg/app/server/routers.go:197.45,200.2 2 0
github.com/go-park-mail-ru/2019_1_Kasatiki/pkg/app/server/routers.go:202.45,208.16 6 0
github.com/go-park-mail-ru/2019_1_Kasatiki/pkg/app/server/routers.go:213.2,215.16 3 0
github.com/go-park-mail-ru/2019_1_Kasatiki/pkg/app/server/routers.go:219.2,219.15 1 0
github.com/go-park-mail-ru/2019_1_Kasatiki/pkg/app/server/routers.go:208.16,211.3 2 0
github.com/go-park-mail-ru/2019_1_Kasatiki/pkg/app/server/routers.go:215.16,218.3 2 0
github.com/go-park-mail-ru/2019_1_Kasatiki/cmd/server/main.go:7.13,11.2 3 0
github.com/go-park-mail-ru/2019_1_Kasatiki/multiplayer/connections/connUpgrader.go:26.43,30.44 1 0
github.com/go-park-mail-ru/2019_1_Kasatiki/multiplayer/connections/connUpgrader.go:37.2,37.8 1 0
github.com/go-park-mail-ru/2019_1_Kasatiki/multiplayer/connections/connUpgrader.go:30.44,32.5 1 0
github.com/go-park-mail-ru/2019_1_Kasatiki/multiplayer/connections/connUpgrader.go:42.51,46.16 3 0
github.com/go-park-mail-ru/2019_1_Kasatiki/multiplayer/connections/connUpgrader.go:52.2,53.11 2 0
github.com/go-park-mail-ru/2019_1_Kasatiki/multiplayer/connections/connUpgrader.go:59.2,60.16 2 0
github.com/go-park-mail-ru/2019_1_Kasatiki/multiplayer/connections/connUpgrader.go:66.2,74.8 3 0
github.com/go-park-mail-ru/2019_1_Kasatiki/multiplayer/connections/connUpgrader.go:46.16,49.3 2 0
github.com/go-park-mail-ru/2019_1_Kasatiki/multiplayer/connections/connUpgrader.go:53.11,56.3 1 0
github.com/go-park-mail-ru/2019_1_Kasatiki/multiplayer/connections/connUpgrader.go:60.16,63.3 2 0
github.com/go-park-mail-ru/2019_1_Kasatiki/multiplayer/lobby/room/gameEngine.go:8.29,14.30 4 0
github.com/go-park-mail-ru/2019_1_Kasatiki/multiplayer/lobby/room/gameEngine.go:18.2,20.6 3 0
github.com/go-park-mail-ru/2019_1_Kasatiki/multiplayer/lobby/room/gameEngine.go:66.2,68.8 2 0
github.com/go-park-mail-ru/2019_1_Kasatiki/multiplayer/lobby/room/gameEngine.go:14.30,16.3 1 0
github.com/go-park-mail-ru/2019_1_Kasatiki/multiplayer/lobby/room/gameEngine.go:20.6,23.51 1 0
github.com/go-park-mail-ru/2019_1_Kasatiki/multiplayer/lobby/room/gameEngine.go:23.51,24.11 1 0
github.com/go-park-mail-ru/2019_1_Kasatiki/multiplayer/lobby/room/gameEngine.go:26.54,33.50 3 0
github.com/go-park-mail-ru/2019_1_Kasatiki/multiplayer/lobby/room/gameEngine.go:36.54,40.50 2 0
github.com/go-park-mail-ru/2019_1_Kasatiki/pkg/models/user.go:55.35,56.59 1 0
github.com/go-park-mail-ru/2019_1_Kasatiki/pkg/models/user.go:59.2,59.12 1 0
github.com/go-park-mail-ru/2019_1_Kasatiki/pkg/models/user.go:56.59,58.3 1 0
github.com/go-park-mail-ru/2019_1_Kasatiki/pkg/app/server/app.go:26.41,37.2 7 0
github.com/go-park-mail-ru/2019_1_Kasatiki/pkg/app/server/app.go:37.2,52.39 9 0
github.com/go-park-mail-ru/2019_1_Kasatiki/pkg/app/server/app.go:55.3,55.55 1 0
github.com/go-park-mail-ru/2019_1_Kasatiki/pkg/app/server/app.go:52.39,54.4 1 0
github.com/go-park-mail-ru/2019_1_Kasatiki/pkg/app/server/app.go:55.55,57.4 1 0
github.com/go-park-mail-ru/2019_1_Kasatiki/pkg/app/server/app.go:67.39,69.2 1 0
github.com/go-park-mail-ru/2019_1_Kasatiki/pkg/app/server/app.go:71.46,82.16 4 0
github.com/go-park-mail-ru/2019_1_Kasatiki/pkg/app/server/app.go:85.2,93.12 8 0
github.com/go-park-mail-ru/2019_1_Kasatiki/pkg/app/server/app.go:82.16,84.3 1 0
github.com/go-park-mail-ru/2019_1_Kasatiki/pkg/app/server/app.go:96.35,102.2 5 0
github.com/go-park-mail-ru/2019_1_Kasatiki/multiplayer/game_logic/game.go:4.65,6.2 1 0
github.com/go-park-mail-ru/2019_1_Kasatiki/multiplayer/game_logic/game.go:9.49,11.2 0 0
github.com/go-park-mail-ru/2019_1_Kasatiki/multiplayer/game_logic/game.go:15.31,17.2 0 0
github.com/go-park-mail-ru/2019_1_Kasatiki/multiplayer/game_logic/game.go:21.82,24.14 3 0
github.com/go-park-mail-ru/2019_1_Kasatiki/multiplayer/game_logic/game.go:27.2,27.12 1 0
github.com/go-park-mail-ru/2019_1_Kasatiki/multiplayer/game_logic/game.go:30.2,30.14 1 0
github.com/go-park-mail-ru/2019_1_Kasatiki/multiplayer/game_logic/game.go:34.2,34.15 1 0
github.com/go-park-mail-ru/2019_1_Kasatiki/multiplayer/game_logic/game.go:38.2,38.14 1 0
github.com/go-park-mail-ru/2019_1_Kasatiki/multiplayer/game_logic/game.go:42.2,42.42 1 0
github.com/go-park-mail-ru/2019_1_Kasatiki/multiplayer/game_logic/game.go:51.2,51.8 1 0
github.com/go-park-mail-ru/2019_1_Kasatiki/multiplayer/game_logic/game.go:24.14,26.3 1 0
github.com/go-park-mail-ru/2019_1_Kasatiki/multiplayer/game_logic/game.go:27.12,29.3 1 0
github.com/go-park-mail-ru/2019_1_Kasatiki/multiplayer/game_logic/game.go:30.14,33.3 1 0
github.com/go-park-mail-ru/2019_1_Kasatiki/multiplayer/game_logic/game.go:34.15,36.3 1 0
github.com/go-park-mail-ru/2019_1_Kasatiki/multiplayer/game_logic/game.go:38.14,40.3 1 0
github.com/go-park-mail-ru/2019_1_Kasatiki/multiplayer/game_logic/game.go:42.42,50.3 7 0
github.com/go-park-mail-ru/2019_1_Kasatiki/pkg/chat/client.go:40.42,42.3 1 0
github.com/go-park-mail-ru/2019_1_Kasatiki/pkg/chat/client.go:63.29,64.15 1 0
github.com/go-park-mail-ru/2019_1_Kasatiki/pkg/chat/client.go:68.2,70.43 3 0
github.com/go-park-mail-ru/2019_1_Kasatiki/pkg/chat/client.go:71.2,71.6 1 0
github.com/go-park-mail-ru/2019_1_Kasatiki/pkg/chat/client.go:64.15,67.3 2 0
github.com/go-park-mail-ru/2019_1_Kasatiki/pkg/chat/client.go:70.43,70.107 2 0
github.com/go-park-mail-ru/2019_1_Kasatiki/pkg/chat/client.go:71.6,73.17 2 0
github.com/go-park-mail-ru/2019_1_Kasatiki/pkg/chat/client.go:80.3,89.17 10 0
github.com/go-park-mail-ru/2019_1_Kasatiki/pkg/chat/client.go:92.3,92.25 1 0
github.com/go-park-mail-ru/2019_1_Kasatiki/pkg/chat/client.go:73.17,74.103 1 0
github.com/go-park-mail-ru/2019_1_Kasatiki/pkg/chat/client.go:77.4,77.9 1 0
github.com/go-park-mail-ru/2019_1_Kasatiki/pkg/chat/client.go:74.103,76.5 1 0
github.com/go-park-mail-ru/2019_1_Kasatiki/pkg/chat/client.go:89.17,91.4 1 0
github.com/go-park-mail-ru/2019_1_Kasatiki/pkg/chat/client.go:101.30,103.15 2 0
github.com/go-park-mail-ru/2019_1_Kasatiki/pkg/chat/client.go:107.2,107.6 1 0
github.com/go-park-mail-ru/2019_1_Kasatiki/pkg/chat/client.go:103.15,106.3 2 0
github.com/go-park-mail-ru/2019_1_Kasatiki/pkg/chat/client.go:107.6,108.10 1 0
github.com/go-park-mail-ru/2019_1_Kasatiki/pkg/chat/client.go:109.32,111.11 2 0
github.com/go-park-mail-ru/2019_1_Kasatiki/pkg/chat/client.go:117.4,118.18 2 0
github.com/go-park-mail-ru/2019_1_Kasatiki/pkg/chat/client.go:123.4,128.27 3 0
github.com/go-park-mail-ru/2019_1_Kasatiki/pkg/chat/client.go:134.4,134.36 1 0
github.com/go-park-mail-ru/2019_1_Kasatiki/pkg/chat/client.go:137.19,139.74 2 0
github.com/go-park-mail-ru/2019_1_Kasatiki/pkg/chat/client.go:111.11,115.5 2 0
github.com/go-park-mail-ru/2019_1_Kasatiki/pkg/chat/client.go:118.18,120.5 1 0
github.com/go-park-mail-ru/2019_1_Kasatiki/pkg/chat/client.go:128.27,132.5 2 0
github.com/go-park-mail-ru/2019_1_Kasatiki/pkg/chat/client.go:134.36,136.5 1 0
github.com/go-park-mail-ru/2019_1_Kasatiki/pkg/chat/client.go:139.74,141.5 1 0
github.com/go-park-mail-ru/2019_1_Kasatiki/pkg/chat/client.go:147.64,149.16 2 0
github.com/go-park-mail-ru/2019_1_Kasatiki/pkg/chat/client.go:153.2,156.16 4 0
github.com/go-park-mail-ru/2019_1_Kasatiki/pkg/chat/client.go:163.2,164.16 2 0
github.com/go-park-mail-ru/2019_1_Kasatiki/pkg/chat/client.go:171.2,176.22 6 0
github.com/go-park-mail-ru/2019_1_Kasatiki/pkg/chat/client.go:149.16,152.3 2 0
github.com/go-park-mail-ru/2019_1_Kasatiki/pkg/chat/client.go:156.16,162.3 5 0
github.com/go-park-mail-ru/2019_1_Kasatiki/pkg/chat/client.go:164.16,170.3 5 0
github.com/go-park-mail-ru/2019_1_Kasatiki/pkg/middleware/cors.go:5.61,11.2 5 0
github.com/go-park-mail-ru/2019_1_Kasatiki/pkg/payments/payout.go:16.69,34.2 3 0
github.com/go-park-mail-ru/2019_1_Kasatiki/pkg/payments/payout.go:36.70,38.16 2 0
github.com/go-park-mail-ru/2019_1_Kasatiki/pkg/payments/payout.go:41.2,42.16 2 0
github.com/go-park-mail-ru/2019_1_Kasatiki/pkg/payments/payout.go:45.2,45.12 1 0
github.com/go-park-mail-ru/2019_1_Kasatiki/pkg/payments/payout.go:38.16,40.3 1 0
github.com/go-park-mail-ru/2019_1_Kasatiki/pkg/payments/payout.go:42.16,44.3 1 0
github.com/go-park-mail-ru/2019_1_Kasatiki/pkg/payments/payout.go:48.91,51.16 2 0
github.com/go-park-mail-ru/2019_1_Kasatiki/pkg/payments/payout.go:55.2,67.16 10 0
github.com/go-park-mail-ru/2019_1_Kasatiki/pkg/payments/payout.go:70.2,75.12 5 0
github.com/go-park-mail-ru/2019_1_Kasatiki/pkg/payments/payout.go:51.16,53.3 1 0
github.com/go-park-mail-ru/2019_1_Kasatiki/pkg/payments/payout.go:67.16,69.3 1 0
github.com/go-park-mail-ru/2019_1_Kasatiki/multiplayer/game_logic/map.go:9.50,18.2 4 0
github.com/go-park-mail-ru/2019_1_Kasatiki/multiplayer/game_logic/map.go:21.27,121.28 19 0
github.com/go-park-mail-ru/2019_1_Kasatiki/multiplayer/game_logic/map.go:124.2,124.34 1 0
github.com/go-park-mail-ru/2019_1_Kasatiki/multiplayer/game_logic/map.go:135.2,135.31 1 0
github.com/go-park-mail-ru/2019_1_Kasatiki/multiplayer/game_logic/map.go:153.2,156.11 3 0
github.com/go-park-mail-ru/2019_1_Kasatiki/multiplayer/game_logic/map.go:121.28,123.3 1 0
github.com/go-park-mail-ru/2019_1_Kasatiki/multiplayer/game_logic/map.go:124.34,125.35 1 0
github.com/go-park-mail-ru/2019_1_Kasatiki/multiplayer/game_logic/map.go:125.35,127.35 2 0
github.com/go-park-mail-ru/2019_1_Kasatiki/multiplayer/game_logic/map.go:127.35,128.36 1 0
github.com/go-park-mail-ru/2019_1_Kasatiki/multiplayer/game_logic/map.go:128.36,130.6 1 0
github.com/go-park-mail-ru/2019_1_Kasatiki/multiplayer/game_logic/map.go:135.31,136.32 1 0
github.com/go-park-mail-ru/2019_1_Kasatiki/multiplayer/game_logic/map.go:136.32,138.60 1 0
github.com/go-park-mail-ru/2019_1_Kasatiki/multiplayer/game_logic/map.go:138.60,140.5 1 0
github.com/go-park-mail-ru/2019_1_Kasatiki/multiplayer/lobby/lobby.go:28.24,35.2 2 0
github.com/go-park-mail-ru/2019_1_Kasatiki/multiplayer/lobby/lobby.go:38.72,40.54 1 0
github.com/go-park-mail-ru/2019_1_Kasatiki/multiplayer/lobby/lobby.go:58.2,58.8 1 0
github.com/go-park-mail-ru/2019_1_Kasatiki/multiplayer/lobby/lobby.go:40.54,41.10 1 0
github.com/go-park-mail-ru/2019_1_Kasatiki/multiplayer/lobby/lobby.go:43.39,44.10 1 0
github.com/go-park-mail-ru/2019_1_Kasatiki/multiplayer/lobby/lobby.go:50.44,51.10 1 0
github.com/go-park-mail-ru/2019_1_Kasatiki/multiplayer/lobby/lobby.go:44.10,46.5 1 0
github.com/go-park-mail-ru/2019_1_Kasatiki/multiplayer/lobby/lobby.go:46.10,48.5 1 0
github.com/go-park-mail-ru/2019_1_Kasatiki/multiplayer/lobby/lobby.go:51.10,53.5 1 0
github.com/go-park-mail-ru/2019_1_Kasatiki/multiplayer/lobby/lobby.go:53.10,55.5 1 0
github.com/go-park-mail-ru/2019_1_Kasatiki/multiplayer/lobby/lobby.go:67.68,70.8 2 0
github.com/go-park-mail-ru/2019_1_Kasatiki/multiplayer/lobby/lobby.go:78.2,78.42 1 0
github.com/go-park-mail-ru/2019_1_Kasatiki/multiplayer/lobby/lobby.go:85.2,85.33 1 0
github.com/go-park-mail-ru/2019_1_Kasatiki/multiplayer/lobby/lobby.go:96.2,105.8 4 0
github.com/go-park-mail-ru/2019_1_Kasatiki/multiplayer/lobby/lobby.go:70.8,75.3 3 0
github.com/go-park-mail-ru/2019_1_Kasatiki/multiplayer/lobby/lobby.go:78.42,82.3 2 0
github.com/go-park-mail-ru/2019_1_Kasatiki/multiplayer/lobby/lobby.go:85.33,90.3 3 0
github.com/go-park-mail-ru/2019_1_Kasatiki/multiplayer/lobby/lobby.go:111.108,128.2 7 0
github.com/go-park-mail-ru/2019_1_Kasatiki/multiplayer/lobby/lobby.go:131.49,134.9 2 0
github.com/go-park-mail-ru/2019_1_Kasatiki/multiplayer/lobby/lobby.go:138.2,138.33 1 0
github.com/go-park-mail-ru/2019_1_Kasatiki/multiplayer/lobby/lobby.go:141.2,143.8 3 0
github.com/go-park-mail-ru/2019_1_Kasatiki/multiplayer/lobby/lobby.go:134.9,137.3 2 0
github.com/go-park-mail-ru/2019_1_Kasatiki/multiplayer/lobby/lobby.go:138.33,140.3 1 0
github.com/go-park-mail-ru/2019_1_Kasatiki/pkg/middleware/logger.go:13.63,16.16 3 0
github.com/go-park-mail-ru/2019_1_Kasatiki/pkg/middleware/logger.go:19.2,29.20 11 0
github.com/go-park-mail-ru/2019_1_Kasatiki/pkg/middleware/logger.go:32.2,43.23 2 0
github.com/go-park-mail-ru/2019_1_Kasatiki/pkg/middleware/logger.go:16.16,18.3 1 0
github.com/go-park-mail-ru/2019_1_Kasatiki/pkg/middleware/logger.go:29.20,31.3 1 0
github.com/go-park-mail-ru/2019_1_Kasatiki/pkg/middleware/logger.go:43.23,45.3 1 0
github.com/go-park-mail-ru/2019_1_Kasatiki/pkg/middleware/logger.go:45.8,47.23 2 0
github.com/go-park-mail-ru/2019_1_Kasatiki/pkg/middleware/logger.go:47.23,49.4 1 0
github.com/go-park-mail-ru/2019_1_Kasatiki/pkg/middleware/logger.go:49.9,49.30 1 0
github.com/go-park-mail-ru/2019_1_Kasatiki/pkg/middleware/logger.go:49.30,52.4 2 0
github.com/go-park-mail-ru/2019_1_Kasatiki/pkg/middleware/logger.go:52.9,54.4 1 0
github.com/go-park-mail-ru/2019_1_Kasatiki/pkg/middleware/auth.go:11.60,12.84 1 0
github.com/go-park-mail-ru/2019_1_Kasatiki/pkg/middleware/auth.go:19.2,19.16 1 0
github.com/go-park-mail-ru/2019_1_Kasatiki/pkg/middleware/auth.go:22.2,24.20 2 0
github.com/go-park-mail-ru/2019_1_Kasatiki/pkg/middleware/auth.go:12.84,13.58 1 0
github.com/go-park-mail-ru/2019_1_Kasatiki/pkg/middleware/auth.go:16.3,17.24 2 0
github.com/go-park-mail-ru/2019_1_Kasatiki/pkg/middleware/auth.go:13.58,15.4 1 0
github.com/go-park-mail-ru/2019_1_Kasatiki/pkg/middleware/auth.go:19.16,21.3 1 0
github.com/go-park-mail-ru/2019_1_Kasatiki/pkg/middleware/auth.go:27.90,28.30 1 0
github.com/go-park-mail-ru/2019_1_Kasatiki/pkg/middleware/auth.go:28.30,31.17 2 0
github.com/go-park-mail-ru/2019_1_Kasatiki/pkg/middleware/auth.go:36.3,37.17 2 0
github.com/go-park-mail-ru/2019_1_Kasatiki/pkg/middleware/auth.go:42.3,44.17 3 0
github.com/go-park-mail-ru/2019_1_Kasatiki/pkg/middleware/auth.go:31.17,35.4 3 0
github.com/go-park-mail-ru/2019_1_Kasatiki/pkg/middleware/auth.go:37.17,41.4 3 0
github.com/go-park-mail-ru/2019_1_Kasatiki/multiplayer/lobby/lobby.go:28.24,35.2 2 0
[...]
github.com/go-park-mail-ru/2019_1_Kasatiki/pkg/middleware/auth.go:19.16,21.3 1 0
github.com/go-park-mail-ru/2019_1_Kasatiki/pkg/middleware/auth.go:27.90,28.30 1 1
github.com/go-park-mail-ru/2019_1_Kasatiki/pkg/middleware/auth.go:28.30,31.17 2 1
github.com/go-park-mail-ru/2019_1_Kasatiki/pkg/middleware/auth.go:36.3,37.17 2 1
github.com/go-park-mail-ru/2019_1_Kasatiki/pkg/middleware/auth.go:42.3,44.17 3 1
github.com/go-park-mail-ru/2019_1_Kasatiki/pkg/middleware/auth.go:31.17,35.4 3 0
github.com/go-park-mail-ru/2019_1_Kasatiki/pkg/middleware/auth.go:37.17,41.4 3 0
github.com/go-park-mail-ru/2019_1_Kasatiki/pkg/middleware/cors.go:5.61,11.2 5 1
github.com/go-park-mail-ru/2019_1_Kasatiki/pkg/payments/payout.go:16.69,34.2 3 0
github.com/go-park-mail-ru/2019_1_Kasatiki/pkg/payments/payout.go:36.70,38.16 2 0
github.com/go-park-mail-ru/2019_1_Kasatiki/pkg/payments/payout.go:41.2,42.16 2 0
github.com/go-park-mail-ru/2019_1_Kasatiki/pkg/payments/payout.go:45.2,45.12 1 0
github.com/go-park-mail-ru/2019_1_Kasatiki/pkg/payments/payout.go:38.16,40.3 1 0
github.com/go-park-mail-ru/2019_1_Kasatiki/pkg/payments/payout.go:42.16,44.3 1 0
github.com/go-park-mail-ru/2019_1_Kasatiki/pkg/payments/payout.go:48.91,51.16 2 0
github.com/go-park-mail-ru/2019_1_Kasatiki/pkg/payments/payout.go:55.2,67.16 10 0
github.com/go-park-mail-ru/2019_1_Kasatiki/pkg/payments/payout.go:70.2,75.12 5 0
github.com/go-park-mail-ru/2019_1_Kasatiki/pkg/payments/payout.go:51.16,53.3 1 0
github.com/go-park-mail-ru/2019_1_Kasatiki/pkg/payments/payout.go:67.16,69.3 1 0
github.com/go-park-mail-ru/2019_1_Kasatiki/pkg/dbhandler/db.go:11.28,14.19 3 1
github.com/go-park-mail-ru/2019_1_Kasatiki/pkg/dbhandler/db.go:17.2,17.18 1 1
github.com/go-park-mail-ru/2019_1_Kasatiki/pkg/dbhandler/db.go:14.19,16.3 1 1
github.com/go-park-mail-ru/2019_1_Kasatiki/pkg/dbhandler/db.go:24.50,28.27 4 1
github.com/go-park-mail-ru/2019_1_Kasatiki/pkg/dbhandler/db.go:28.27,34.3 5 1
github.com/go-park-mail-ru/2019_1_Kasatiki/pkg/dbhandler/db.go:37.49,41.27 2 0
github.com/go-park-mail-ru/2019_1_Kasatiki/pkg/dbhandler/db.go:41.27,47.3 5 0
github.com/go-park-mail-ru/2019_1_Kasatiki/pkg/dbhandler/db.go:50.55,70.2 4 1
github.com/go-park-mail-ru/2019_1_Kasatiki/pkg/dbhandler/db.go:72.61,87.2 4 0
github.com/go-park-mail-ru/2019_1_Kasatiki/pkg/dbhandler/db.go:89.74,95.2 3 0
github.com/go-park-mail-ru/2019_1_Kasatiki/pkg/dbhandler/db.go:97.86,105.2 3 1
github.com/go-park-mail-ru/2019_1_Kasatiki/pkg/dbhandler/db.go:107.81,114.2 3 1
github.com/go-park-mail-ru/2019_1_Kasatiki/pkg/dbhandler/db.go:116.80,123.2 3 1
github.com/go-park-mail-ru/2019_1_Kasatiki/pkg/dbhandler/db.go:125.127,132.18 5 1
github.com/go-park-mail-ru/2019_1_Kasatiki/pkg/dbhandler/db.go:140.2,140.19 1 1
github.com/go-park-mail-ru/2019_1_Kasatiki/pkg/dbhandler/db.go:132.18,136.17 4 1
github.com/go-park-mail-ru/2019_1_Kasatiki/pkg/dbhandler/db.go:136.17,138.4 1 0
github.com/go-park-mail-ru/2019_1_Kasatiki/pkg/dbhandler/db.go:143.106,150.2 3 1
github.com/go-park-mail-ru/2019_1_Kasatiki/pkg/dbhandler/db.go:152.70,159.2 3 0
github.com/go-park-mail-ru/2019_1_Kasatiki/multiplayer/game_logic/map.go:9.50,18.2 4 0
github.com/go-park-mail-ru/2019_1_Kasatiki/multiplayer/game_logic/map.go:21.27,121.28 19 0
github.com/go-park-mail-ru/2019_1_Kasatiki/multiplayer/game_logic/map.go:124.2,124.34 1 0
github.com/go-park-mail-ru/2019_1_Kasatiki/multiplayer/game_logic/map.go:135.2,135.31 1 0
github.com/go-park-mail-ru/2019_1_Kasatiki/multiplayer/game_logic/map.go:153.2,156.11 3 0
github.com/go-park-mail-ru/2019_1_Kasatiki/multiplayer/game_logic/map.go:121.28,123.3 1 0
github.com/go-park-mail-ru/2019_1_Kasatiki/multiplayer/game_logic/map.go:124.34,125.35 1 0
github.com/go-park-mail-ru/2019_1_Kasatiki/multiplayer/game_logic/map.go:125.35,127.35 2 0
github.com/go-park-mail-ru/2019_1_Kasatiki/multiplayer/game_logic/map.go:127.35,128.36 1 0
github.com/go-park-mail-ru/2019_1_Kasatiki/multiplayer/game_logic/map.go:128.36,130.6 1 0
github.com/go-park-mail-ru/2019_1_Kasatiki/multiplayer/game_logic/map.go:135.31,136.32 1 0
github.com/go-park-mail-ru/2019_1_Kasatiki/multiplayer/game_logic/map.go:136.32,138.60 1 0
github.com/go-park-mail-ru/2019_1_Kasatiki/multiplayer/game_logic/map.go:138.60,140.5 1 0
github.com/go-park-mail-ru/2019_1_Kasatiki/multiplayer/lobby/room/gameEngine.go:8.29,14.30 4 0
github.com/go-park-mail-ru/2019_1_Kasatiki/multiplayer/lobby/room/gameEngine.go:18.2,20.6 3 0
github.com/go-park-mail-ru/2019_1_Kasatiki/multiplayer/lobby/room/gameEngine.go:66.2,68.8 2 0
github.com/go-park-mail-ru/2019_1_Kasatiki/multiplayer/lobby/room/gameEngine.go:14.30,16.3 1 0
github.com/go-park-mail-ru/2019_1_Kasatiki/multiplayer/lobby/room/gameEngine.go:20.6,23.51 1 0
github.com/go-park-mail-ru/2019_1_Kasatiki/multiplayer/lobby/room/gameEngine.go:23.51,24.11 1 0
github.com/go-park-mail-ru/2019_1_Kasatiki/multiplayer/lobby/room/gameEngine.go:26.54,33.50 3 0
github.com/go-park-mail-ru/2019_1_Kasatiki/multiplayer/lobby/room/gameEngine.go:36.54,40.50 2 0
github.com/go-park-mail-ru/2019_1_Kasatiki/multiplayer/websocket_testing_page.go:7.40,159.2 5 0
github.com/go-park-mail-ru/2019_1_Kasatiki/pkg/app/server/routers.go:19.49,24.47 5 1
github.com/go-park-mail-ru/2019_1_Kasatiki/pkg/app/server/routers.go:30.2,31.16 2 1
github.com/go-park-mail-ru/2019_1_Kasatiki/pkg/app/server/routers.go:39.2,47.16 7 1
github.com/go-park-mail-ru/2019_1_Kasatiki/pkg/app/server/routers.go:53.2,55.15 3 1
github.com/go-park-mail-ru/2019_1_Kasatiki/pkg/app/server/routers.go:24.47,29.3 4 1
github.com/go-park-mail-ru/2019_1_Kasatiki/pkg/app/server/routers.go:31.16,34.40 3 1
github.com/go-park-mail-ru/2019_1_Kasatiki/pkg/app/server/routers.go:34.40,37.4 2 1
github.com/go-park-mail-ru/2019_1_Kasatiki/pkg/app/server/routers.go:47.16,52.3 4 0
github.com/go-park-mail-ru/2019_1_Kasatiki/pkg/app/server/routers.go:58.53,63.16 5 1
github.com/go-park-mail-ru/2019_1_Kasatiki/pkg/app/server/routers.go:69.2,71.15 3 1
github.com/go-park-mail-ru/2019_1_Kasatiki/pkg/app/server/routers.go:63.16,68.3 4 1
github.com/go-park-mail-ru/2019_1_Kasatiki/pkg/app/server/routers.go:71.15,72.36 1 1
github.com/go-park-mail-ru/2019_1_Kasatiki/pkg/app/server/routers.go:78.3,78.21 1 1
github.com/go-park-mail-ru/2019_1_Kasatiki/pkg/app/server/routers.go:72.36,77.4 4 1
github.com/go-park-mail-ru/2019_1_Kasatiki/pkg/app/server/routers.go:82.53,90.2 4 1
github.com/go-park-mail-ru/2019_1_Kasatiki/pkg/app/server/routers.go:92.45,95.16 3 1
github.com/go-park-mail-ru/2019_1_Kasatiki/pkg/app/server/routers.go:101.2,101.19 1 1
github.com/go-park-mail-ru/2019_1_Kasatiki/pkg/app/server/routers.go:95.16,100.3 4 0
github.com/go-park-mail-ru/2019_1_Kasatiki/pkg/app/server/routers.go:104.47,110.16 6 1
github.com/go-park-mail-ru/2019_1_Kasatiki/pkg/app/server/routers.go:116.2,118.16 3 1
github.com/go-park-mail-ru/2019_1_Kasatiki/pkg/app/server/routers.go:133.2,133.15 1 1
github.com/go-park-mail-ru/2019_1_Kasatiki/pkg/app/server/routers.go:110.16,115.3 4 1
github.com/go-park-mail-ru/2019_1_Kasatiki/pkg/app/server/routers.go:118.16,122.40 4 1
github.com/go-park-mail-ru/2019_1_Kasatiki/pkg/app/server/routers.go:126.3,126.37 1 1
github.com/go-park-mail-ru/2019_1_Kasatiki/pkg/app/server/routers.go:130.3,131.9 2 0
github.com/go-park-mail-ru/2019_1_Kasatiki/pkg/app/server/routers.go:122.40,125.4 2 1
github.com/go-park-mail-ru/2019_1_Kasatiki/pkg/app/server/routers.go:126.37,129.4 2 1
github.com/go-park-mail-ru/2019_1_Kasatiki/pkg/app/server/routers.go:136.44,141.16 5 1
github.com/go-park-mail-ru/2019_1_Kasatiki/pkg/app/server/routers.go:147.2,148.16 2 1
github.com/go-park-mail-ru/2019_1_Kasatiki/pkg/app/server/routers.go:154.2,156.15 3 1
github.com/go-park-mail-ru/2019_1_Kasatiki/pkg/app/server/routers.go:141.16,146.3 4 1
github.com/go-park-mail-ru/2019_1_Kasatiki/pkg/app/server/routers.go:148.16,153.3 4 1
github.com/go-park-mail-ru/2019_1_Kasatiki/pkg/app/server/routers.go:159.45,161.16 2 0
github.com/go-park-mail-ru/2019_1_Kasatiki/pkg/app/server/routers.go:167.2,168.16 2 0
github.com/go-park-mail-ru/2019_1_Kasatiki/pkg/app/server/routers.go:174.2,178.16 5 0
github.com/go-park-mail-ru/2019_1_Kasatiki/pkg/app/server/routers.go:184.2,186.16 3 0
github.com/go-park-mail-ru/2019_1_Kasatiki/pkg/app/server/routers.go:192.2,194.18 3 0
github.com/go-park-mail-ru/2019_1_Kasatiki/pkg/app/server/routers.go:161.16,166.3 4 0
github.com/go-park-mail-ru/2019_1_Kasatiki/pkg/app/server/routers.go:168.16,173.3 4 0
github.com/go-park-mail-ru/2019_1_Kasatiki/pkg/app/server/routers.go:178.16,183.3 4 0
github.com/go-park-mail-ru/2019_1_Kasatiki/pkg/app/server/routers.go:186.16,191.3 4 0
github.com/go-park-mail-ru/2019_1_Kasatiki/pkg/app/server/routers.go:197.45,200.2 2 1
github.com/go-park-mail-ru/2019_1_Kasatiki/pkg/app/server/routers.go:202.45,208.16 6 1
github.com/go-park-mail-ru/2019_1_Kasatiki/pkg/app/server/routers.go:213.2,215.16 3 0
github.com/go-park-mail-ru/2019_1_Kasatiki/pkg/app/server/routers.go:219.2,219.15 1 0
github.com/go-park-mail-ru/2019_1_Kasatiki/pkg/app/server/routers.go:208.16,211.3 2 1
github.com/go-park-mail-ru/2019_1_Kasatiki/pkg/app/server/routers.go:215.16,218.3 2 0
github.com/go-park-mail-ru/2019_1_Kasatiki/pkg/models/user.go:55.35,56.59 1 1
github.com/go-park-mail-ru/2019_1_Kasatiki/pkg/models/user.go:59.2,59.12 1 1
github.com/go-park-mail-ru/2019_1_Kasatiki/pkg/models/user.go:56.59,58.3 1 0
github.com/go-park-mail-ru/2019_1_Kasatiki/cmd/server/main.go:7.13,11.2 3 0
github.com/go-park-mail-ru/2019_1_Kasatiki/multiplayer/lobby/room/room.go:15.34,17.2 1 0
github.com/go-park-mail-ru/2019_1_Kasatiki/multiplayer/lobby/room/room.go:21.36,23.2 1 0
github.com/go-park-mail-ru/2019_1_Kasatiki/multiplayer/lobby/room/room.go:51.112,65.28 7 0
github.com/go-park-mail-ru/2019_1_Kasatiki/multiplayer/lobby/room/room.go:75.2,91.28 3 0
github.com/go-park-mail-ru/2019_1_Kasatiki/multiplayer/lobby/room/room.go:94.2,94.8 1 0
github.com/go-park-mail-ru/2019_1_Kasatiki/multiplayer/lobby/room/room.go:65.28,73.3 7 0
github.com/go-park-mail-ru/2019_1_Kasatiki/multiplayer/lobby/room/room.go:91.28,93.3 1 0
github.com/go-park-mail-ru/2019_1_Kasatiki/multiplayer/lobby/room/room.go:98.27,99.30 1 0
github.com/go-park-mail-ru/2019_1_Kasatiki/multiplayer/lobby/room/room.go:104.2,104.8 1 0
github.com/go-park-mail-ru/2019_1_Kasatiki/multiplayer/lobby/room/room.go:99.30,103.3 3 0
github.com/go-park-mail-ru/2019_1_Kasatiki/multiplayer/lobby/room/room.go:108.29,111.2 2 0
github.com/go-park-mail-ru/2019_1_Kasatiki/multiplayer/lobby/room/room.go:114.60,117.30 2 0
github.com/go-park-mail-ru/2019_1_Kasatiki/multiplayer/lobby/room/room.go:132.2,132.8 1 0
github.com/go-park-mail-ru/2019_1_Kasatiki/multiplayer/lobby/room/room.go:117.30,118.15 1 0
github.com/go-park-mail-ru/2019_1_Kasatiki/multiplayer/lobby/room/room.go:121.3,122.10 2 0
github.com/go-park-mail-ru/2019_1_Kasatiki/multiplayer/lobby/room/room.go:126.3,126.10 1 0
github.com/go-park-mail-ru/2019_1_Kasatiki/multiplayer/lobby/room/room.go:118.15,120.4 1 0
github.com/go-park-mail-ru/2019_1_Kasatiki/multiplayer/lobby/room/room.go:123.65,123.65 0 0
github.com/go-park-mail-ru/2019_1_Kasatiki/multiplayer/lobby/room/room.go:124.11,124.11 0 0
github.com/go-park-mail-ru/2019_1_Kasatiki/multiplayer/lobby/room/room.go:127.66,127.66 0 0
github.com/go-park-mail-ru/2019_1_Kasatiki/multiplayer/lobby/room/room.go:128.11,128.11 0 0
github.com/go-park-mail-ru/2019_1_Kasatiki/multiplayer/lobby/room/room.go:136.49,137.6 1 0
github.com/go-park-mail-ru/2019_1_Kasatiki/multiplayer/lobby/room/room.go:153.2,154.8 2 0
github.com/go-park-mail-ru/2019_1_Kasatiki/multiplayer/lobby/room/room.go:137.6,140.17 3 0
github.com/go-park-mail-ru/2019_1_Kasatiki/multiplayer/lobby/room/room.go:140.17,143.18 3 0
github.com/go-park-mail-ru/2019_1_Kasatiki/multiplayer/lobby/room/room.go:143.18,145.10 2 0
github.com/go-park-mail-ru/2019_1_Kasatiki/multiplayer/lobby/room/room.go:147.9,151.4 3 0
github.com/go-park-mail-ru/2019_1_Kasatiki/multiplayer/lobby/room/room.go:158.49,159.30 1 0
github.com/go-park-mail-ru/2019_1_Kasatiki/multiplayer/lobby/room/room.go:182.2,183.8 2 0
github.com/go-park-mail-ru/2019_1_Kasatiki/multiplayer/lobby/room/room.go:159.30,160.26 1 0
github.com/go-park-mail-ru/2019_1_Kasatiki/multiplayer/lobby/room/room.go:160.26,162.8 1 0
github.com/go-park-mail-ru/2019_1_Kasatiki/multiplayer/lobby/room/room.go:179.4,179.45 1 0
github.com/go-park-mail-ru/2019_1_Kasatiki/multiplayer/lobby/room/room.go:162.8,163.12 1 0
github.com/go-park-mail-ru/2019_1_Kasatiki/multiplayer/lobby/room/room.go:164.54,165.35 1 0
github.com/go-park-mail-ru/2019_1_Kasatiki/multiplayer/lobby/room/room.go:165.35,166.31 1 0
github.com/go-park-mail-ru/2019_1_Kasatiki/multiplayer/lobby/room/room.go:166.31,168.22 2 0
github.com/go-park-mail-ru/2019_1_Kasatiki/multiplayer/lobby/room/room.go:168.22,170.23 2 0
github.com/go-park-mail-ru/2019_1_Kasatiki/multiplayer/lobby/room/room.go:170.23,171.26 1 0
github.com/go-park-mail-ru/2019_1_Kasatiki/multiplayer/main.go:10.13,24.2 9 0
github.com/go-park-mail-ru/2019_1_Kasatiki/pkg/chat/client.go:40.42,42.3 1 0
github.com/go-park-mail-ru/2019_1_Kasatiki/pkg/chat/client.go:63.29,64.15 1 0
github.com/go-park-mail-ru/2019_1_Kasatiki/pkg/chat/client.go:68.2,70.43 3 0
github.com/go-park-mail-ru/2019_1_Kasatiki/pkg/chat/client.go:71.2,71.6 1 0
github.com/go-park-mail-ru/2019_1_Kasatiki/pkg/chat/client.go:64.15,67.3 2 0
github.com/go-park-mail-ru/2019_1_Kasatiki/pkg/chat/client.go:70.43,70.107 2 0
github.com/go-park-mail-ru/2019_1_Kasatiki/pkg/chat/client.go:71.6,73.17 2 0
github.com/go-park-mail-ru/2019_1_Kasatiki/pkg/chat/client.go:80.3,89.17 10 0
github.com/go-park-mail-ru/2019_1_Kasatiki/pkg/chat/client.go:92.3,92.25 1 0
github.com/go-park-mail-ru/2019_1_Kasatiki/pkg/chat/client.go:73.17,74.103 1 0
github.com/go-park-mail-ru/2019_1_Kasatiki/pkg/chat/client.go:77.4,77.9 1 0
github.com/go-park-mail-ru/2019_1_Kasatiki/pkg/chat/client.go:74.103,76.5 1 0
github.com/go-park-mail-ru/2019_1_Kasatiki/pkg/chat/client.go:89.17,91.4 1 0
github.com/go-park-mail-ru/2019_1_Kasatiki/pkg/chat/client.go:101.30,103.15 2 0
github.com/go-park-mail-ru/2019_1_Kasatiki/pkg/chat/client.go:107.2,107.6 1 0
github.com/go-park-mail-ru/2019_1_Kasatiki/pkg/chat/client.go:103.15,106.3 2 0
github.com/go-park-mail-ru/2019_1_Kasatiki/pkg/chat/client.go:107.6,108.10 1 0
github.com/go-park-mail-ru/2019_1_Kasatiki/pkg/chat/client.go:109.32,111.11 2 0
github.com/go-park-mail-ru/2019_1_Kasatiki/pkg/chat/client.go:117.4,118.18 2 0
github.com/go-park-mail-ru/2019_1_Kasatiki/pkg/chat/client.go:123.4,128.27 3 0
github.com/go-park-mail-ru/2019_1_Kasatiki/pkg/chat/client.go:134.4,134.36 1 0
github.com/go-park-mail-ru/2019_1_Kasatiki/pkg/chat/client.go:137.19,139.74 2 0
github.com/go-park-mail-ru/2019_1_Kasatiki/pkg/chat/client.go:111.11,115.5 2 0
github.com/go-park-mail-ru/2019_1_Kasatiki/pkg/chat/client.go:118.18,120.5 1 0
github.com/go-park-mail-ru/2019_1_Kasatiki/pkg/chat/client.go:128.27,132.5 2 0
github.com/go-park-mail-ru/2019_1_Kasatiki/pkg/chat/client.go:134.36,136.5 1 0
github.com/go-park-mail-ru/2019_1_Kasatiki/pkg/chat/client.go:139.74,141.5 1 0
github.com/go-park-mail-ru/2019_1_Kasatiki/pkg/chat/client.go:147.64,149.16 2 0
github.com/go-park-mail-ru/2019_1_Kasatiki/pkg/chat/client.go:153.2,156.16 4 0
github.com/go-park-mail-ru/2019_1_Kasatiki/pkg/chat/client.go:163.2,164.16 2 0
github.com/go-park-mail-ru/2019_1_Kasatiki/pkg/chat/client.go:171.2,176.22 6 0
github.com/go-park-mail-ru/2019_1_Kasatiki/pkg/chat/client.go:149.16,152.3 2 0
github.com/go-park-mail-ru/2019_1_Kasatiki/pkg/chat/client.go:156.16,162.3 5 0
github.com/go-park-mail-ru/2019_1_Kasatiki/pkg/chat/client.go:164.16,170.3 5 0
github.com/go-park-mail-ru/2019_1_Kasatiki/pkg/middleware/logger.go:13.63,16.16 3 1
github.com/go-park-mail-ru/2019_1_Kasatiki/pkg/middleware/logger.go:19.2,29.20 11 1
github.com/go-park-mail-ru/2019_1_Kasatiki/pkg/middleware/logger.go:32.2,43.23 2 1
github.com/go-park-mail-ru/2019_1_Kasatiki/pkg/middleware/logger.go:16.16,18.3 1 0
github.com/go-park-mail-ru/2019_1_Kasatiki/pkg/middleware/logger.go:29.20,31.3 1 1
github.com/go-park-mail-ru/2019_1_Kasatiki/pkg/middleware/logger.go:43.23,45.3 1 0
github.com/go-park-mail-ru/2019_1_Kasatiki/pkg/middleware/logger.go:45.8,47.23 2 1
github.com/go-park-mail-ru/2019_1_Kasatiki/pkg/middleware/logger.go:47.23,49.4 1 0
github.com/go-park-mail-ru/2019_1_Kasatiki/pkg/middleware/logger.go:49.9,49.30 1 1
github.com/go-park-mail-ru/2019_1_Kasatiki/pkg/middleware/logger.go:49.30,52.4 2 1
github.com/go-park-mail-ru/2019_1_Kasatiki/pkg/middleware/logger.go:52.9,54.4 1 1
github.com/go-park-mail-ru/2019_1_Kasatiki/multiplayer/connections/connUpgrader.go:26.43,30.44 1 0
github.com/go-park-mail-ru/2019_1_Kasatiki/multiplayer/connections/connUpgrader.go:37.2,37.8 1 0
github.com/go-park-mail-ru/2019_1_Kasatiki/multiplayer/connections/connUpgrader.go:30.44,32.5 1 0
github.com/go-park-mail-ru/2019_1_Kasatiki/multiplayer/connections/connUpgrader.go:42.51,46.16 3 0
github.com/go-park-mail-ru/2019_1_Kasatiki/multiplayer/connections/connUpgrader.go:52.2,53.11 2 0
github.com/go-park-mail-ru/2019_1_Kasatiki/multiplayer/connections/connUpgrader.go:59.2,60.16 2 0
github.com/go-park-mail-ru/2019_1_Kasatiki/multiplayer/connections/connUpgrader.go:66.2,74.8 3 0
github.com/go-park-mail-ru/2019_1_Kasatiki/multiplayer/connections/connUpgrader.go:46.16,49.3 2 0
github.com/go-park-mail-ru/2019_1_Kasatiki/multiplayer/connections/connUpgrader.go:53.11,56.3 1 0
github.com/go-park-mail-ru/2019_1_Kasatiki/multiplayer/connections/connUpgrader.go:60.16,63.3 2 0
github.com/go-park-mail-ru/2019_1_Kasatiki/multiplayer/game_logic/constructors.go:10.85,18.45 8 0
github.com/go-park-mail-ru/2019_1_Kasatiki/multiplayer/game_logic/constructors.go:27.2,27.19 1 0
github.com/go-park-mail-ru/2019_1_Kasatiki/multiplayer/game_logic/constructors.go:18.45,26.3 7 0
github.com/go-park-mail-ru/2019_1_Kasatiki/multiplayer/game_logic/constructors.go:51.115,54.32 3 0
github.com/go-park-mail-ru/2019_1_Kasatiki/multiplayer/game_logic/constructors.go:63.2,63.8 1 0
github.com/go-park-mail-ru/2019_1_Kasatiki/multiplayer/game_logic/constructors.go:54.32,62.3 4 0
github.com/go-park-mail-ru/2019_1_Kasatiki/multiplayer/game_logic/constructors.go:67.32,69.2 1 0
github.com/go-park-mail-ru/2019_1_Kasatiki/multiplayer/game_logic/constructors.go:71.41,73.2 1 0
github.com/go-park-mail-ru/2019_1_Kasatiki/pkg/chat/hub.go:32.20,42.16 3 0
github.com/go-park-mail-ru/2019_1_Kasatiki/pkg/chat/hub.go:46.2,52.3 1 0
github.com/go-park-mail-ru/2019_1_Kasatiki/pkg/chat/hub.go:42.16,44.3 1 0
github.com/go-park-mail-ru/2019_1_Kasatiki/pkg/chat/hub.go:55.21,57.16 2 0
github.com/go-park-mail-ru/2019_1_Kasatiki/pkg/chat/hub.go:61.2,61.6 1 0
github.com/go-park-mail-ru/2019_1_Kasatiki/pkg/chat/hub.go:57.16,60.3 2 0
github.com/go-park-mail-ru/2019_1_Kasatiki/pkg/chat/hub.go:61.6,62.10 1 0
github.com/go-park-mail-ru/2019_1_Kasatiki/pkg/chat/hub.go:63.31,64.28 1 0
github.com/go-park-mail-ru/2019_1_Kasatiki/pkg/chat/hub.go:65.33,66.38 1 0
github.com/go-park-mail-ru/2019_1_Kasatiki/pkg/chat/hub.go:70.33,71.34 1 0
github.com/go-park-mail-ru/2019_1_Kasatiki/pkg/chat/hub.go:66.38,69.5 2 0
github.com/go-park-mail-ru/2019_1_Kasatiki/pkg/chat/hub.go:71.34,72.12 1 0
github.com/go-park-mail-ru/2019_1_Kasatiki/pkg/chat/hub.go:73.33,73.33 0 0
github.com/go-park-mail-ru/2019_1_Kasatiki/pkg/chat/hub.go:74.13,76.31 2 0
github.com/go-park-mail-ru/2019_1_Kasatiki/pkg/chat/main.go:16.56,18.23 2 0
github.com/go-park-mail-ru/2019_1_Kasatiki/pkg/chat/main.go:22.2,22.23 1 0
github.com/go-park-mail-ru/2019_1_Kasatiki/pkg/chat/main.go:26.2,26.35 1 0
github.com/go-park-mail-ru/2019_1_Kasatiki/pkg/chat/main.go:18.23,21.3 2 0
github.com/go-park-mail-ru/2019_1_Kasatiki/pkg/chat/main.go:22.23,25.3 2 0
github.com/go-park-mail-ru/2019_1_Kasatiki/pkg/chat/main.go:29.13,35.70 4 0
github.com/go-park-mail-ru/2019_1_Kasatiki/pkg/chat/main.go:38.2,39.16 2 0
github.com/go-park-mail-ru/2019_1_Kasatiki/pkg/chat/main.go:35.70,37.3 1 0
github.com/go-park-mail-ru/2019_1_Kasatiki/pkg/chat/main.go:39.16,41.3 1 0
